mode: set
github.com/maynagashev/gophkeeper/server/internal/storage/minio_client.go:38.60,46.16 3 0
github.com/maynagashev/gophkeeper/server/internal/storage/minio_client.go:46.16,48.3 1 0
github.com/maynagashev/gophkeeper/server/internal/storage/minio_client.go:52.2,53.16 2 0
github.com/maynagashev/gophkeeper/server/internal/storage/minio_client.go:53.16,56.3 1 0
github.com/maynagashev/gophkeeper/server/internal/storage/minio_client.go:59.2,61.16 3 0
github.com/maynagashev/gophkeeper/server/internal/storage/minio_client.go:61.16,63.3 1 0
github.com/maynagashev/gophkeeper/server/internal/storage/minio_client.go:64.2,64.13 1 0
github.com/maynagashev/gophkeeper/server/internal/storage/minio_client.go:64.13,67.17 3 0
github.com/maynagashev/gophkeeper/server/internal/storage/minio_client.go:67.17,69.4 1 0
github.com/maynagashev/gophkeeper/server/internal/storage/minio_client.go:70.3,70.77 1 0
github.com/maynagashev/gophkeeper/server/internal/storage/minio_client.go:71.8,73.3 1 0
github.com/maynagashev/gophkeeper/server/internal/storage/minio_client.go:75.2,79.8 2 0
github.com/maynagashev/gophkeeper/server/internal/storage/minio_client.go:89.9,101.16 4 0
github.com/maynagashev/gophkeeper/server/internal/storage/minio_client.go:101.16,104.3 2 0
github.com/maynagashev/gophkeeper/server/internal/storage/minio_client.go:106.2,107.12 2 0
github.com/maynagashev/gophkeeper/server/internal/storage/minio_client.go:112.98,117.16 3 0
github.com/maynagashev/gophkeeper/server/internal/storage/minio_client.go:117.16,120.64 2 0
github.com/maynagashev/gophkeeper/server/internal/storage/minio_client.go:120.64,123.4 2 0
github.com/maynagashev/gophkeeper/server/internal/storage/minio_client.go:124.3,125.91 2 0
github.com/maynagashev/gophkeeper/server/internal/storage/minio_client.go:140.2,141.20 2 0
github.com/maynagashev/gophkeeper/server/internal/mocks/auth_service.go:16.55,18.2 1 0
github.com/maynagashev/gophkeeper/server/internal/mocks/auth_service.go:21.80,24.19 2 0
github.com/maynagashev/gophkeeper/server/internal/mocks/auth_service.go:24.19,25.47 1 0
github.com/maynagashev/gophkeeper/server/internal/mocks/auth_service.go:28.2,30.69 3 0
github.com/maynagashev/gophkeeper/server/internal/mocks/auth_service.go:30.69,32.3 1 0
github.com/maynagashev/gophkeeper/server/internal/mocks/auth_service.go:33.2,33.60 1 0
github.com/maynagashev/gophkeeper/server/internal/mocks/auth_service.go:33.60,35.3 1 0
github.com/maynagashev/gophkeeper/server/internal/mocks/auth_service.go:35.8,37.3 1 0
github.com/maynagashev/gophkeeper/server/internal/mocks/auth_service.go:39.2,39.59 1 0
github.com/maynagashev/gophkeeper/server/internal/mocks/auth_service.go:39.59,41.3 1 0
github.com/maynagashev/gophkeeper/server/internal/mocks/auth_service.go:41.8,43.3 1 0
github.com/maynagashev/gophkeeper/server/internal/mocks/auth_service.go:45.2,45.15 1 0
github.com/maynagashev/gophkeeper/server/internal/mocks/auth_service.go:56.107,58.2 1 0
github.com/maynagashev/gophkeeper/server/internal/mocks/auth_service.go:60.107,61.40 1 0
github.com/maynagashev/gophkeeper/server/internal/mocks/auth_service.go:61.40,63.3 1 0
github.com/maynagashev/gophkeeper/server/internal/mocks/auth_service.go:64.2,64.11 1 0
github.com/maynagashev/gophkeeper/server/internal/mocks/auth_service.go:67.89,70.2 2 0
github.com/maynagashev/gophkeeper/server/internal/mocks/auth_service.go:72.114,75.2 2 0
github.com/maynagashev/gophkeeper/server/internal/mocks/auth_service.go:78.73,81.19 2 0
github.com/maynagashev/gophkeeper/server/internal/mocks/auth_service.go:81.19,82.50 1 0
github.com/maynagashev/gophkeeper/server/internal/mocks/auth_service.go:85.2,86.59 2 0
github.com/maynagashev/gophkeeper/server/internal/mocks/auth_service.go:86.59,88.3 1 0
github.com/maynagashev/gophkeeper/server/internal/mocks/auth_service.go:88.8,90.3 1 0
github.com/maynagashev/gophkeeper/server/internal/mocks/auth_service.go:92.2,92.11 1 0
github.com/maynagashev/gophkeeper/server/internal/mocks/auth_service.go:103.113,105.2 1 0
github.com/maynagashev/gophkeeper/server/internal/mocks/auth_service.go:107.113,108.40 1 0
github.com/maynagashev/gophkeeper/server/internal/mocks/auth_service.go:108.40,110.3 1 0
github.com/maynagashev/gophkeeper/server/internal/mocks/auth_service.go:111.2,111.11 1 0
github.com/maynagashev/gophkeeper/server/internal/mocks/auth_service.go:114.83,117.2 2 0
github.com/maynagashev/gophkeeper/server/internal/mocks/auth_service.go:119.110,122.2 2 0
github.com/maynagashev/gophkeeper/server/internal/mocks/auth_service.go:129.17,133.19 3 0
github.com/maynagashev/gophkeeper/server/internal/mocks/auth_service.go:133.19,133.49 1 0
github.com/maynagashev/gophkeeper/server/internal/mocks/auth_service.go:135.2,135.13 1 0
github.com/maynagashev/gophkeeper/server/internal/mocks/file_storage.go:21.55,23.2 1 0
github.com/maynagashev/gophkeeper/server/internal/mocks/file_storage.go:26.99,29.19 2 0
github.com/maynagashev/gophkeeper/server/internal/mocks/file_storage.go:29.19,30.54 1 0
github.com/maynagashev/gophkeeper/server/internal/mocks/file_storage.go:33.2,35.85 3 0
github.com/maynagashev/gophkeeper/server/internal/mocks/file_storage.go:35.85,37.3 1 0
github.com/maynagashev/gophkeeper/server/internal/mocks/file_storage.go:38.2,38.76 1 0
github.com/maynagashev/gophkeeper/server/internal/mocks/file_storage.go:38.76,40.3 1 0
github.com/maynagashev/gophkeeper/server/internal/mocks/file_storage.go:40.8,41.24 1 0
github.com/maynagashev/gophkeeper/server/internal/mocks/file_storage.go:41.24,43.4 1 0
github.com/maynagashev/gophkeeper/server/internal/mocks/file_storage.go:46.2,46.68 1 0
github.com/maynagashev/gophkeeper/server/internal/mocks/file_storage.go:46.68,48.3 1 0
github.com/maynagashev/gophkeeper/server/internal/mocks/file_storage.go:48.8,50.3 1 0
github.com/maynagashev/gophkeeper/server/internal/mocks/file_storage.go:52.2,52.15 1 0
github.com/maynagashev/gophkeeper/server/internal/mocks/file_storage.go:63.117,65.2 1 0
github.com/maynagashev/gophkeeper/server/internal/mocks/file_storage.go:67.126,68.40 1 0
github.com/maynagashev/gophkeeper/server/internal/mocks/file_storage.go:68.40,70.3 1 0
github.com/maynagashev/gophkeeper/server/internal/mocks/file_storage.go:71.2,71.11 1 0
github.com/maynagashev/gophkeeper/server/internal/mocks/file_storage.go:74.110,77.2 2 0
github.com/maynagashev/gophkeeper/server/internal/mocks/file_storage.go:79.144,82.2 2 0
github.com/maynagashev/gophkeeper/server/internal/mocks/file_storage.go:85.130,88.19 2 0
github.com/maynagashev/gophkeeper/server/internal/mocks/file_storage.go:88.19,89.52 1 0
github.com/maynagashev/gophkeeper/server/internal/mocks/file_storage.go:92.2,93.94 2 0
github.com/maynagashev/gophkeeper/server/internal/mocks/file_storage.go:93.94,95.3 1 0
github.com/maynagashev/gophkeeper/server/internal/mocks/file_storage.go:95.8,97.3 1 0
github.com/maynagashev/gophkeeper/server/internal/mocks/file_storage.go:99.2,99.11 1 0
github.com/maynagashev/gophkeeper/server/internal/mocks/file_storage.go:113.176,115.2 1 0
github.com/maynagashev/gophkeeper/server/internal/mocks/file_storage.go:117.172,118.40 1 0
github.com/maynagashev/gophkeeper/server/internal/mocks/file_storage.go:118.40,120.3 1 0
github.com/maynagashev/gophkeeper/server/internal/mocks/file_storage.go:121.2,121.11 1 0
github.com/maynagashev/gophkeeper/server/internal/mocks/file_storage.go:124.87,127.2 2 0
github.com/maynagashev/gophkeeper/server/internal/mocks/file_storage.go:129.149,132.2 2 0
github.com/maynagashev/gophkeeper/server/internal/mocks/file_storage.go:139.17,143.19 3 0
github.com/maynagashev/gophkeeper/server/internal/mocks/file_storage.go:143.19,143.49 1 0
github.com/maynagashev/gophkeeper/server/internal/mocks/file_storage.go:145.2,145.13 1 0
github.com/maynagashev/gophkeeper/server/internal/mocks/user_repository.go:21.61,23.2 1 0
github.com/maynagashev/gophkeeper/server/internal/mocks/user_repository.go:26.93,29.19 2 0
github.com/maynagashev/gophkeeper/server/internal/mocks/user_repository.go:29.19,30.52 1 0
github.com/maynagashev/gophkeeper/server/internal/mocks/user_repository.go:33.2,35.83 3 0
github.com/maynagashev/gophkeeper/server/internal/mocks/user_repository.go:35.83,37.3 1 0
github.com/maynagashev/gophkeeper/server/internal/mocks/user_repository.go:38.2,38.74 1 0
github.com/maynagashev/gophkeeper/server/internal/mocks/user_repository.go:38.74,40.3 1 0
github.com/maynagashev/gophkeeper/server/internal/mocks/user_repository.go:40.8,42.3 1 0
github.com/maynagashev/gophkeeper/server/internal/mocks/user_repository.go:44.2,44.74 1 0
github.com/maynagashev/gophkeeper/server/internal/mocks/user_repository.go:44.74,46.3 1 0
github.com/maynagashev/gophkeeper/server/internal/mocks/user_repository.go:46.8,48.3 1 0
github.com/maynagashev/gophkeeper/server/internal/mocks/user_repository.go:50.2,50.15 1 0
github.com/maynagashev/gophkeeper/server/internal/mocks/user_repository.go:61.114,63.2 1 0
github.com/maynagashev/gophkeeper/server/internal/mocks/user_repository.go:65.129,66.40 1 0
github.com/maynagashev/gophkeeper/server/internal/mocks/user_repository.go:66.40,68.3 1 0
github.com/maynagashev/gophkeeper/server/internal/mocks/user_repository.go:69.2,69.11 1 0
github.com/maynagashev/gophkeeper/server/internal/mocks/user_repository.go:72.104,75.2 2 0
github.com/maynagashev/gophkeeper/server/internal/mocks/user_repository.go:77.144,80.2 2 0
github.com/maynagashev/gophkeeper/server/internal/mocks/user_repository.go:83.105,86.19 2 0
github.com/maynagashev/gophkeeper/server/internal/mocks/user_repository.go:86.19,87.59 1 0
github.com/maynagashev/gophkeeper/server/internal/mocks/user_repository.go:90.2,92.84 3 0
github.com/maynagashev/gophkeeper/server/internal/mocks/user_repository.go:92.84,94.3 1 0
github.com/maynagashev/gophkeeper/server/internal/mocks/user_repository.go:95.2,95.75 1 0
github.com/maynagashev/gophkeeper/server/internal/mocks/user_repository.go:95.75,97.3 1 0
github.com/maynagashev/gophkeeper/server/internal/mocks/user_repository.go:97.8,98.24 1 0
github.com/maynagashev/gophkeeper/server/internal/mocks/user_repository.go:98.24,100.4 1 0
github.com/maynagashev/gophkeeper/server/internal/mocks/user_repository.go:103.2,103.68 1 0
github.com/maynagashev/gophkeeper/server/internal/mocks/user_repository.go:103.68,105.3 1 0
github.com/maynagashev/gophkeeper/server/internal/mocks/user_repository.go:105.8,107.3 1 0
github.com/maynagashev/gophkeeper/server/internal/mocks/user_repository.go:109.2,109.15 1 0
github.com/maynagashev/gophkeeper/server/internal/mocks/user_repository.go:120.132,122.2 1 0
github.com/maynagashev/gophkeeper/server/internal/mocks/user_repository.go:124.141,125.40 1 0
github.com/maynagashev/gophkeeper/server/internal/mocks/user_repository.go:125.40,127.3 1 0
github.com/maynagashev/gophkeeper/server/internal/mocks/user_repository.go:128.2,128.11 1 0
github.com/maynagashev/gophkeeper/server/internal/mocks/user_repository.go:131.125,134.2 2 0
github.com/maynagashev/gophkeeper/server/internal/mocks/user_repository.go:136.159,139.2 2 0
github.com/maynagashev/gophkeeper/server/internal/mocks/user_repository.go:146.20,150.19 3 0
github.com/maynagashev/gophkeeper/server/internal/mocks/user_repository.go:150.19,150.49 1 0
github.com/maynagashev/gophkeeper/server/internal/mocks/user_repository.go:152.2,152.13 1 0
github.com/maynagashev/gophkeeper/server/internal/mocks/vault_repository.go:21.63,23.2 1 0
github.com/maynagashev/gophkeeper/server/internal/mocks/vault_repository.go:26.97,29.19 2 0
github.com/maynagashev/gophkeeper/server/internal/mocks/vault_repository.go:29.19,30.53 1 0
github.com/maynagashev/gophkeeper/server/internal/mocks/vault_repository.go:33.2,35.84 3 0
github.com/maynagashev/gophkeeper/server/internal/mocks/vault_repository.go:35.84,37.3 1 0
github.com/maynagashev/gophkeeper/server/internal/mocks/vault_repository.go:38.2,38.75 1 0
github.com/maynagashev/gophkeeper/server/internal/mocks/vault_repository.go:38.75,40.3 1 0
github.com/maynagashev/gophkeeper/server/internal/mocks/vault_repository.go:40.8,42.3 1 0
github.com/maynagashev/gophkeeper/server/internal/mocks/vault_repository.go:44.2,44.75 1 0
github.com/maynagashev/gophkeeper/server/internal/mocks/vault_repository.go:44.75,46.3 1 0
github.com/maynagashev/gophkeeper/server/internal/mocks/vault_repository.go:46.8,48.3 1 0
github.com/maynagashev/gophkeeper/server/internal/mocks/vault_repository.go:50.2,50.15 1 0
github.com/maynagashev/gophkeeper/server/internal/mocks/vault_repository.go:61.119,63.2 1 0
github.com/maynagashev/gophkeeper/server/internal/mocks/vault_repository.go:65.135,66.40 1 0
github.com/maynagashev/gophkeeper/server/internal/mocks/vault_repository.go:66.40,68.3 1 0
github.com/maynagashev/gophkeeper/server/internal/mocks/vault_repository.go:69.2,69.11 1 0
github.com/maynagashev/gophkeeper/server/internal/mocks/vault_repository.go:72.108,75.2 2 0
github.com/maynagashev/gophkeeper/server/internal/mocks/vault_repository.go:77.149,80.2 2 0
github.com/maynagashev/gophkeeper/server/internal/mocks/vault_repository.go:83.103,86.19 2 0
github.com/maynagashev/gophkeeper/server/internal/mocks/vault_repository.go:86.19,87.58 1 0
github.com/maynagashev/gophkeeper/server/internal/mocks/vault_repository.go:90.2,92.84 3 0
github.com/maynagashev/gophkeeper/server/internal/mocks/vault_repository.go:92.84,94.3 1 0
github.com/maynagashev/gophkeeper/server/internal/mocks/vault_repository.go:95.2,95.75 1 0
github.com/maynagashev/gophkeeper/server/internal/mocks/vault_repository.go:95.75,97.3 1 0
github.com/maynagashev/gophkeeper/server/internal/mocks/vault_repository.go:97.8,98.24 1 0
github.com/maynagashev/gophkeeper/server/internal/mocks/vault_repository.go:98.24,100.4 1 0
github.com/maynagashev/gophkeeper/server/internal/mocks/vault_repository.go:103.2,103.67 1 0
github.com/maynagashev/gophkeeper/server/internal/mocks/vault_repository.go:103.67,105.3 1 0
github.com/maynagashev/gophkeeper/server/internal/mocks/vault_repository.go:105.8,107.3 1 0
github.com/maynagashev/gophkeeper/server/internal/mocks/vault_repository.go:109.2,109.15 1 0
github.com/maynagashev/gophkeeper/server/internal/mocks/vault_repository.go:120.130,122.2 1 0
github.com/maynagashev/gophkeeper/server/internal/mocks/vault_repository.go:124.138,125.40 1 0
github.com/maynagashev/gophkeeper/server/internal/mocks/vault_repository.go:125.40,127.3 1 0
github.com/maynagashev/gophkeeper/server/internal/mocks/vault_repository.go:128.2,128.11 1 0
github.com/maynagashev/gophkeeper/server/internal/mocks/vault_repository.go:131.126,134.2 2 0
github.com/maynagashev/gophkeeper/server/internal/mocks/vault_repository.go:136.159,139.2 2 0
github.com/maynagashev/gophkeeper/server/internal/mocks/vault_repository.go:142.143,145.19 2 0
github.com/maynagashev/gophkeeper/server/internal/mocks/vault_repository.go:145.19,146.76 1 0
github.com/maynagashev/gophkeeper/server/internal/mocks/vault_repository.go:149.2,152.106 4 0
github.com/maynagashev/gophkeeper/server/internal/mocks/vault_repository.go:152.106,154.3 1 0
github.com/maynagashev/gophkeeper/server/internal/mocks/vault_repository.go:155.2,155.75 1 0
github.com/maynagashev/gophkeeper/server/internal/mocks/vault_repository.go:155.75,157.3 1 0
github.com/maynagashev/gophkeeper/server/internal/mocks/vault_repository.go:157.8,158.24 1 0
github.com/maynagashev/gophkeeper/server/internal/mocks/vault_repository.go:158.24,160.4 1 0
github.com/maynagashev/gophkeeper/server/internal/mocks/vault_repository.go:163.2,163.82 1 0
github.com/maynagashev/gophkeeper/server/internal/mocks/vault_repository.go:163.82,165.3 1 0
github.com/maynagashev/gophkeeper/server/internal/mocks/vault_repository.go:165.8,166.24 1 0
github.com/maynagashev/gophkeeper/server/internal/mocks/vault_repository.go:166.24,168.4 1 0
github.com/maynagashev/gophkeeper/server/internal/mocks/vault_repository.go:171.2,171.67 1 0
github.com/maynagashev/gophkeeper/server/internal/mocks/vault_repository.go:171.67,173.3 1 0
github.com/maynagashev/gophkeeper/server/internal/mocks/vault_repository.go:173.8,175.3 1 0
github.com/maynagashev/gophkeeper/server/internal/mocks/vault_repository.go:177.2,177.19 1 0
github.com/maynagashev/gophkeeper/server/internal/mocks/vault_repository.go:188.166,190.2 1 0
github.com/maynagashev/gophkeeper/server/internal/mocks/vault_repository.go:192.174,193.40 1 0
github.com/maynagashev/gophkeeper/server/internal/mocks/vault_repository.go:193.40,195.3 1 0
github.com/maynagashev/gophkeeper/server/internal/mocks/vault_repository.go:196.2,196.11 1 0
github.com/maynagashev/gophkeeper/server/internal/mocks/vault_repository.go:199.188,202.2 2 0
github.com/maynagashev/gophkeeper/server/internal/mocks/vault_repository.go:204.217,207.2 2 0
github.com/maynagashev/gophkeeper/server/internal/mocks/vault_repository.go:210.113,213.19 2 0
github.com/maynagashev/gophkeeper/server/internal/mocks/vault_repository.go:213.19,214.67 1 0
github.com/maynagashev/gophkeeper/server/internal/mocks/vault_repository.go:217.2,218.74 2 0
github.com/maynagashev/gophkeeper/server/internal/mocks/vault_repository.go:218.74,220.3 1 0
github.com/maynagashev/gophkeeper/server/internal/mocks/vault_repository.go:220.8,222.3 1 0
github.com/maynagashev/gophkeeper/server/internal/mocks/vault_repository.go:224.2,224.11 1 0
github.com/maynagashev/gophkeeper/server/internal/mocks/vault_repository.go:236.172,238.2 1 0
github.com/maynagashev/gophkeeper/server/internal/mocks/vault_repository.go:240.174,241.40 1 0
github.com/maynagashev/gophkeeper/server/internal/mocks/vault_repository.go:241.40,243.3 1 0
github.com/maynagashev/gophkeeper/server/internal/mocks/vault_repository.go:244.2,244.11 1 0
github.com/maynagashev/gophkeeper/server/internal/mocks/vault_repository.go:247.125,250.2 2 0
github.com/maynagashev/gophkeeper/server/internal/mocks/vault_repository.go:252.167,255.2 2 0
github.com/maynagashev/gophkeeper/server/internal/mocks/vault_repository.go:262.21,266.19 3 0
github.com/maynagashev/gophkeeper/server/internal/mocks/vault_repository.go:266.19,266.49 1 0
github.com/maynagashev/gophkeeper/server/internal/mocks/vault_repository.go:268.2,268.13 1 0
github.com/maynagashev/gophkeeper/server/internal/mocks/vault_service.go:23.57,25.2 1 0
github.com/maynagashev/gophkeeper/server/internal/mocks/vault_service.go:28.98,31.19 2 0
github.com/maynagashev/gophkeeper/server/internal/mocks/vault_service.go:31.19,32.55 1 0
github.com/maynagashev/gophkeeper/server/internal/mocks/vault_service.go:35.2,38.89 4 0
github.com/maynagashev/gophkeeper/server/internal/mocks/vault_service.go:38.89,40.3 1 0
github.com/maynagashev/gophkeeper/server/internal/mocks/vault_service.go:41.2,41.58 1 0
github.com/maynagashev/gophkeeper/server/internal/mocks/vault_service.go:41.58,43.3 1 0
github.com/maynagashev/gophkeeper/server/internal/mocks/vault_service.go:43.8,44.24 1 0
github.com/maynagashev/gophkeeper/server/internal/mocks/vault_service.go:44.24,46.4 1 0
github.com/maynagashev/gophkeeper/server/internal/mocks/vault_service.go:49.2,49.65 1 0
github.com/maynagashev/gophkeeper/server/internal/mocks/vault_service.go:49.65,51.3 1 0
github.com/maynagashev/gophkeeper/server/internal/mocks/vault_service.go:51.8,52.24 1 0
github.com/maynagashev/gophkeeper/server/internal/mocks/vault_service.go:52.24,54.4 1 0
github.com/maynagashev/gophkeeper/server/internal/mocks/vault_service.go:57.2,57.50 1 0
github.com/maynagashev/gophkeeper/server/internal/mocks/vault_service.go:57.50,59.3 1 0
github.com/maynagashev/gophkeeper/server/internal/mocks/vault_service.go:59.8,61.3 1 0
github.com/maynagashev/gophkeeper/server/internal/mocks/vault_service.go:63.2,63.19 1 0
github.com/maynagashev/gophkeeper/server/internal/mocks/vault_service.go:73.101,75.2 1 0
github.com/maynagashev/gophkeeper/server/internal/mocks/vault_service.go:77.105,78.40 1 0
github.com/maynagashev/gophkeeper/server/internal/mocks/vault_service.go:78.40,80.3 1 0
github.com/maynagashev/gophkeeper/server/internal/mocks/vault_service.go:81.2,81.11 1 0
github.com/maynagashev/gophkeeper/server/internal/mocks/vault_service.go:84.140,87.2 2 0
github.com/maynagashev/gophkeeper/server/internal/mocks/vault_service.go:89.152,92.2 2 0
github.com/maynagashev/gophkeeper/server/internal/mocks/vault_service.go:95.86,98.19 2 0
github.com/maynagashev/gophkeeper/server/internal/mocks/vault_service.go:98.19,99.58 1 0
github.com/maynagashev/gophkeeper/server/internal/mocks/vault_service.go:102.2,104.74 3 0
github.com/maynagashev/gophkeeper/server/internal/mocks/vault_service.go:104.74,106.3 1 0
github.com/maynagashev/gophkeeper/server/internal/mocks/vault_service.go:107.2,107.65 1 0
github.com/maynagashev/gophkeeper/server/internal/mocks/vault_service.go:107.65,109.3 1 0
github.com/maynagashev/gophkeeper/server/internal/mocks/vault_service.go:109.8,110.24 1 0
github.com/maynagashev/gophkeeper/server/internal/mocks/vault_service.go:110.24,112.4 1 0
github.com/maynagashev/gophkeeper/server/internal/mocks/vault_service.go:115.2,115.50 1 0
github.com/maynagashev/gophkeeper/server/internal/mocks/vault_service.go:115.50,117.3 1 0
github.com/maynagashev/gophkeeper/server/internal/mocks/vault_service.go:117.8,119.3 1 0
github.com/maynagashev/gophkeeper/server/internal/mocks/vault_service.go:121.2,121.15 1 0
github.com/maynagashev/gophkeeper/server/internal/mocks/vault_service.go:131.107,133.2 1 0
github.com/maynagashev/gophkeeper/server/internal/mocks/vault_service.go:135.111,136.40 1 0
github.com/maynagashev/gophkeeper/server/internal/mocks/vault_service.go:136.40,138.3 1 0
github.com/maynagashev/gophkeeper/server/internal/mocks/vault_service.go:139.2,139.11 1 0
github.com/maynagashev/gophkeeper/server/internal/mocks/vault_service.go:142.127,145.2 2 0
github.com/maynagashev/gophkeeper/server/internal/mocks/vault_service.go:147.143,150.2 2 0
github.com/maynagashev/gophkeeper/server/internal/mocks/vault_service.go:153.106,156.19 2 0
github.com/maynagashev/gophkeeper/server/internal/mocks/vault_service.go:156.19,157.54 1 0
github.com/maynagashev/gophkeeper/server/internal/mocks/vault_service.go:160.2,162.85 3 0
github.com/maynagashev/gophkeeper/server/internal/mocks/vault_service.go:162.85,164.3 1 0
github.com/maynagashev/gophkeeper/server/internal/mocks/vault_service.go:165.2,165.76 1 0
github.com/maynagashev/gophkeeper/server/internal/mocks/vault_service.go:165.76,167.3 1 0
github.com/maynagashev/gophkeeper/server/internal/mocks/vault_service.go:167.8,168.24 1 0
github.com/maynagashev/gophkeeper/server/internal/mocks/vault_service.go:168.24,170.4 1 0
github.com/maynagashev/gophkeeper/server/internal/mocks/vault_service.go:173.2,173.60 1 0
github.com/maynagashev/gophkeeper/server/internal/mocks/vault_service.go:173.60,175.3 1 0
github.com/maynagashev/gophkeeper/server/internal/mocks/vault_service.go:175.8,177.3 1 0
github.com/maynagashev/gophkeeper/server/internal/mocks/vault_service.go:179.2,179.15 1 0
github.com/maynagashev/gophkeeper/server/internal/mocks/vault_service.go:191.138,193.2 1 0
github.com/maynagashev/gophkeeper/server/internal/mocks/vault_service.go:195.126,196.40 1 0
github.com/maynagashev/gophkeeper/server/internal/mocks/vault_service.go:196.40,198.3 1 0
github.com/maynagashev/gophkeeper/server/internal/mocks/vault_service.go:199.2,199.11 1 0
github.com/maynagashev/gophkeeper/server/internal/mocks/vault_service.go:202.120,205.2 2 0
github.com/maynagashev/gophkeeper/server/internal/mocks/vault_service.go:207.146,210.2 2 0
github.com/maynagashev/gophkeeper/server/internal/mocks/vault_service.go:213.80,216.19 2 0
github.com/maynagashev/gophkeeper/server/internal/mocks/vault_service.go:216.19,217.59 1 0
github.com/maynagashev/gophkeeper/server/internal/mocks/vault_service.go:220.2,221.57 2 0
github.com/maynagashev/gophkeeper/server/internal/mocks/vault_service.go:221.57,223.3 1 0
github.com/maynagashev/gophkeeper/server/internal/mocks/vault_service.go:223.8,225.3 1 0
github.com/maynagashev/gophkeeper/server/internal/mocks/vault_service.go:227.2,227.11 1 0
github.com/maynagashev/gophkeeper/server/internal/mocks/vault_service.go:238.132,240.2 1 0
github.com/maynagashev/gophkeeper/server/internal/mocks/vault_service.go:242.130,243.40 1 0
github.com/maynagashev/gophkeeper/server/internal/mocks/vault_service.go:243.40,245.3 1 0
github.com/maynagashev/gophkeeper/server/internal/mocks/vault_service.go:246.2,246.11 1 0
github.com/maynagashev/gophkeeper/server/internal/mocks/vault_service.go:249.103,252.2 2 0
github.com/maynagashev/gophkeeper/server/internal/mocks/vault_service.go:254.128,257.2 2 0
github.com/maynagashev/gophkeeper/server/internal/mocks/vault_service.go:260.136,263.19 2 0
github.com/maynagashev/gophkeeper/server/internal/mocks/vault_service.go:263.19,264.53 1 0
github.com/maynagashev/gophkeeper/server/internal/mocks/vault_service.go:267.2,268.87 2 0
github.com/maynagashev/gophkeeper/server/internal/mocks/vault_service.go:268.87,270.3 1 0
github.com/maynagashev/gophkeeper/server/internal/mocks/vault_service.go:270.8,272.3 1 0
github.com/maynagashev/gophkeeper/server/internal/mocks/vault_service.go:274.2,274.11 1 0
github.com/maynagashev/gophkeeper/server/internal/mocks/vault_service.go:288.191,290.2 1 0
github.com/maynagashev/gophkeeper/server/internal/mocks/vault_service.go:292.180,293.40 1 0
github.com/maynagashev/gophkeeper/server/internal/mocks/vault_service.go:293.40,295.3 1 0
github.com/maynagashev/gophkeeper/server/internal/mocks/vault_service.go:296.2,296.11 1 0
github.com/maynagashev/gophkeeper/server/internal/mocks/vault_service.go:299.91,302.2 2 0
github.com/maynagashev/gophkeeper/server/internal/mocks/vault_service.go:304.146,307.2 2 0
github.com/maynagashev/gophkeeper/server/internal/mocks/vault_service.go:314.18,318.19 3 0
github.com/maynagashev/gophkeeper/server/internal/mocks/vault_service.go:318.19,318.49 1 0
github.com/maynagashev/gophkeeper/server/internal/mocks/vault_service.go:320.2,320.13 1 0
github.com/maynagashev/gophkeeper/server/internal/mocks/vault_version_repository.go:21.77,23.2 1 0
github.com/maynagashev/gophkeeper/server/internal/mocks/vault_version_repository.go:26.115,29.19 2 0
github.com/maynagashev/gophkeeper/server/internal/mocks/vault_version_repository.go:29.19,30.55 1 0
github.com/maynagashev/gophkeeper/server/internal/mocks/vault_version_repository.go:33.2,35.91 3 0
github.com/maynagashev/gophkeeper/server/internal/mocks/vault_version_repository.go:35.91,37.3 1 0
github.com/maynagashev/gophkeeper/server/internal/mocks/vault_version_repository.go:38.2,38.82 1 0
github.com/maynagashev/gophkeeper/server/internal/mocks/vault_version_repository.go:38.82,40.3 1 0
github.com/maynagashev/gophkeeper/server/internal/mocks/vault_version_repository.go:40.8,42.3 1 0
github.com/maynagashev/gophkeeper/server/internal/mocks/vault_version_repository.go:44.2,44.82 1 0
github.com/maynagashev/gophkeeper/server/internal/mocks/vault_version_repository.go:44.82,46.3 1 0
github.com/maynagashev/gophkeeper/server/internal/mocks/vault_version_repository.go:46.8,48.3 1 0
github.com/maynagashev/gophkeeper/server/internal/mocks/vault_version_repository.go:50.2,50.15 1 0
github.com/maynagashev/gophkeeper/server/internal/mocks/vault_version_repository.go:61.139,63.2 1 0
github.com/maynagashev/gophkeeper/server/internal/mocks/vault_version_repository.go:65.162,66.40 1 0
github.com/maynagashev/gophkeeper/server/internal/mocks/vault_version_repository.go:66.40,68.3 1 0
github.com/maynagashev/gophkeeper/server/internal/mocks/vault_version_repository.go:69.2,69.11 1 0
github.com/maynagashev/gophkeeper/server/internal/mocks/vault_version_repository.go:72.126,75.2 2 0
github.com/maynagashev/gophkeeper/server/internal/mocks/vault_version_repository.go:77.174,80.2 2 0
github.com/maynagashev/gophkeeper/server/internal/mocks/vault_version_repository.go:83.118,86.19 2 0
github.com/maynagashev/gophkeeper/server/internal/mocks/vault_version_repository.go:86.19,87.56 1 0
github.com/maynagashev/gophkeeper/server/internal/mocks/vault_version_repository.go:90.2,92.91 3 0
github.com/maynagashev/gophkeeper/server/internal/mocks/vault_version_repository.go:92.91,94.3 1 0
github.com/maynagashev/gophkeeper/server/internal/mocks/vault_version_repository.go:95.2,95.82 1 0
github.com/maynagashev/gophkeeper/server/internal/mocks/vault_version_repository.go:95.82,97.3 1 0
github.com/maynagashev/gophkeeper/server/internal/mocks/vault_version_repository.go:97.8,98.24 1 0
github.com/maynagashev/gophkeeper/server/internal/mocks/vault_version_repository.go:98.24,100.4 1 0
github.com/maynagashev/gophkeeper/server/internal/mocks/vault_version_repository.go:103.2,103.67 1 0
github.com/maynagashev/gophkeeper/server/internal/mocks/vault_version_repository.go:103.67,105.3 1 0
github.com/maynagashev/gophkeeper/server/internal/mocks/vault_version_repository.go:105.8,107.3 1 0
github.com/maynagashev/gophkeeper/server/internal/mocks/vault_version_repository.go:109.2,109.15 1 0
github.com/maynagashev/gophkeeper/server/internal/mocks/vault_version_repository.go:120.143,122.2 1 0
github.com/maynagashev/gophkeeper/server/internal/mocks/vault_version_repository.go:124.151,125.40 1 0
github.com/maynagashev/gophkeeper/server/internal/mocks/vault_version_repository.go:125.40,127.3 1 0
github.com/maynagashev/gophkeeper/server/internal/mocks/vault_version_repository.go:128.2,128.11 1 0
github.com/maynagashev/gophkeeper/server/internal/mocks/vault_version_repository.go:131.143,134.2 2 0
github.com/maynagashev/gophkeeper/server/internal/mocks/vault_version_repository.go:136.176,139.2 2 0
github.com/maynagashev/gophkeeper/server/internal/mocks/vault_version_repository.go:142.147,145.19 2 0
github.com/maynagashev/gophkeeper/server/internal/mocks/vault_version_repository.go:145.19,146.63 1 0
github.com/maynagashev/gophkeeper/server/internal/mocks/vault_version_repository.go:149.2,151.102 3 0
github.com/maynagashev/gophkeeper/server/internal/mocks/vault_version_repository.go:151.102,153.3 1 0
github.com/maynagashev/gophkeeper/server/internal/mocks/vault_version_repository.go:154.2,154.93 1 0
github.com/maynagashev/gophkeeper/server/internal/mocks/vault_version_repository.go:154.93,156.3 1 0
github.com/maynagashev/gophkeeper/server/internal/mocks/vault_version_repository.go:156.8,157.24 1 0
github.com/maynagashev/gophkeeper/server/internal/mocks/vault_version_repository.go:157.24,159.4 1 0
github.com/maynagashev/gophkeeper/server/internal/mocks/vault_version_repository.go:162.2,162.77 1 0
github.com/maynagashev/gophkeeper/server/internal/mocks/vault_version_repository.go:162.77,164.3 1 0
github.com/maynagashev/gophkeeper/server/internal/mocks/vault_version_repository.go:164.8,166.3 1 0
github.com/maynagashev/gophkeeper/server/internal/mocks/vault_version_repository.go:168.2,168.15 1 0
github.com/maynagashev/gophkeeper/server/internal/mocks/vault_version_repository.go:181.194,183.2 1 0
github.com/maynagashev/gophkeeper/server/internal/mocks/vault_version_repository.go:185.186,186.40 1 0
github.com/maynagashev/gophkeeper/server/internal/mocks/vault_version_repository.go:186.40,188.3 1 0
github.com/maynagashev/gophkeeper/server/internal/mocks/vault_version_repository.go:189.2,189.11 1 0
github.com/maynagashev/gophkeeper/server/internal/mocks/vault_version_repository.go:192.158,195.2 2 0
github.com/maynagashev/gophkeeper/server/internal/mocks/vault_version_repository.go:197.201,200.2 2 0
github.com/maynagashev/gophkeeper/server/internal/mocks/vault_version_repository.go:207.28,211.19 3 0
github.com/maynagashev/gophkeeper/server/internal/mocks/vault_version_repository.go:211.19,211.49 1 0
github.com/maynagashev/gophkeeper/server/internal/mocks/vault_version_repository.go:213.2,213.13 1 0
github.com/maynagashev/gophkeeper/server/internal/middleware/auth.go:29.52,30.71 1 1
github.com/maynagashev/gophkeeper/server/internal/middleware/auth.go:30.71,33.23 2 1
github.com/maynagashev/gophkeeper/server/internal/middleware/auth.go:33.23,37.4 3 1
github.com/maynagashev/gophkeeper/server/internal/middleware/auth.go:40.3,41.75 2 1
github.com/maynagashev/gophkeeper/server/internal/middleware/auth.go:41.75,45.4 3 1
github.com/maynagashev/gophkeeper/server/internal/middleware/auth.go:47.3,51.102 3 1
github.com/maynagashev/gophkeeper/server/internal/middleware/auth.go:51.102,53.59 1 1
github.com/maynagashev/gophkeeper/server/internal/middleware/auth.go:53.59,55.5 1 0
github.com/maynagashev/gophkeeper/server/internal/middleware/auth.go:57.4,57.36 1 1
github.com/maynagashev/gophkeeper/server/internal/middleware/auth.go:60.3,60.17 1 1
github.com/maynagashev/gophkeeper/server/internal/middleware/auth.go:60.17,64.4 3 1
github.com/maynagashev/gophkeeper/server/internal/middleware/auth.go:67.3,67.19 1 1
github.com/maynagashev/gophkeeper/server/internal/middleware/auth.go:67.19,71.4 3 0
github.com/maynagashev/gophkeeper/server/internal/middleware/auth.go:74.3,80.40 3 1
github.com/maynagashev/gophkeeper/server/internal/middleware/auth.go:86.62,89.2 2 1
github.com/maynagashev/gophkeeper/server/internal/handlers/auth.go:26.58,28.2 1 1
github.com/maynagashev/gophkeeper/server/internal/handlers/auth.go:31.72,34.61 2 1
github.com/maynagashev/gophkeeper/server/internal/handlers/auth.go:34.61,38.3 3 1
github.com/maynagashev/gophkeeper/server/internal/handlers/auth.go:41.2,41.46 1 1
github.com/maynagashev/gophkeeper/server/internal/handlers/auth.go:41.46,45.3 3 1
github.com/maynagashev/gophkeeper/server/internal/handlers/auth.go:47.2,51.16 3 1
github.com/maynagashev/gophkeeper/server/internal/handlers/auth.go:51.16,53.48 1 1
github.com/maynagashev/gophkeeper/server/internal/handlers/auth.go:53.48,56.4 2 1
github.com/maynagashev/gophkeeper/server/internal/handlers/auth.go:56.9,60.4 2 1
github.com/maynagashev/gophkeeper/server/internal/handlers/auth.go:61.3,61.9 1 1
github.com/maynagashev/gophkeeper/server/internal/handlers/auth.go:65.2,67.94 3 1
github.com/maynagashev/gophkeeper/server/internal/handlers/auth.go:71.69,74.61 2 1
github.com/maynagashev/gophkeeper/server/internal/handlers/auth.go:74.61,78.3 3 1
github.com/maynagashev/gophkeeper/server/internal/handlers/auth.go:81.2,81.46 1 1
github.com/maynagashev/gophkeeper/server/internal/handlers/auth.go:81.46,85.3 3 1
github.com/maynagashev/gophkeeper/server/internal/handlers/auth.go:87.2,91.16 3 1
github.com/maynagashev/gophkeeper/server/internal/handlers/auth.go:91.16,93.53 1 1
github.com/maynagashev/gophkeeper/server/internal/handlers/auth.go:93.53,96.4 2 1
github.com/maynagashev/gophkeeper/server/internal/handlers/auth.go:96.9,100.4 2 1
github.com/maynagashev/gophkeeper/server/internal/handlers/auth.go:101.3,101.9 1 1
github.com/maynagashev/gophkeeper/server/internal/handlers/auth.go:105.2,111.55 4 1
github.com/maynagashev/gophkeeper/server/internal/handlers/auth.go:111.55,114.3 2 0
github.com/maynagashev/gophkeeper/server/internal/handlers/auth.go:115.2,115.80 1 1
github.com/maynagashev/gophkeeper/server/internal/handlers/vault_handler.go:23.62,25.2 1 1
github.com/maynagashev/gophkeeper/server/internal/handlers/vault_handler.go:28.76,30.9 2 1
github.com/maynagashev/gophkeeper/server/internal/handlers/vault_handler.go:30.9,34.3 3 1
github.com/maynagashev/gophkeeper/server/internal/handlers/vault_handler.go:36.2,40.16 3 1
github.com/maynagashev/gophkeeper/server/internal/handlers/vault_handler.go:40.16,41.48 1 1
github.com/maynagashev/gophkeeper/server/internal/handlers/vault_handler.go:41.48,44.4 2 1
github.com/maynagashev/gophkeeper/server/internal/handlers/vault_handler.go:44.9,48.4 2 1
github.com/maynagashev/gophkeeper/server/internal/handlers/vault_handler.go:49.3,49.9 1 1
github.com/maynagashev/gophkeeper/server/internal/handlers/vault_handler.go:53.2,55.65 3 1
github.com/maynagashev/gophkeeper/server/internal/handlers/vault_handler.go:55.65,57.3 1 0
github.com/maynagashev/gophkeeper/server/internal/handlers/vault_handler.go:61.71,64.9 2 1
github.com/maynagashev/gophkeeper/server/internal/handlers/vault_handler.go:64.9,68.3 3 1
github.com/maynagashev/gophkeeper/server/internal/handlers/vault_handler.go:70.2,74.29 3 1
github.com/maynagashev/gophkeeper/server/internal/handlers/vault_handler.go:74.29,78.3 3 1
github.com/maynagashev/gophkeeper/server/internal/handlers/vault_handler.go:80.2,81.16 2 1
github.com/maynagashev/gophkeeper/server/internal/handlers/vault_handler.go:81.16,86.3 3 1
github.com/maynagashev/gophkeeper/server/internal/handlers/vault_handler.go:90.2,92.29 3 1
github.com/maynagashev/gophkeeper/server/internal/handlers/vault_handler.go:92.29,96.3 3 1
github.com/maynagashev/gophkeeper/server/internal/handlers/vault_handler.go:99.2,100.23 2 1
github.com/maynagashev/gophkeeper/server/internal/handlers/vault_handler.go:100.23,103.3 1 0
github.com/maynagashev/gophkeeper/server/internal/handlers/vault_handler.go:106.2,107.16 2 1
github.com/maynagashev/gophkeeper/server/internal/handlers/vault_handler.go:107.16,109.50 1 1
github.com/maynagashev/gophkeeper/server/internal/handlers/vault_handler.go:109.50,115.4 3 0
github.com/maynagashev/gophkeeper/server/internal/handlers/vault_handler.go:115.9,119.4 2 1
github.com/maynagashev/gophkeeper/server/internal/handlers/vault_handler.go:120.3,120.9 1 1
github.com/maynagashev/gophkeeper/server/internal/handlers/vault_handler.go:124.2,126.121 3 1
github.com/maynagashev/gophkeeper/server/internal/handlers/vault_handler.go:130.73,132.9 2 1
github.com/maynagashev/gophkeeper/server/internal/handlers/vault_handler.go:132.9,136.3 3 1
github.com/maynagashev/gophkeeper/server/internal/handlers/vault_handler.go:138.2,142.16 3 1
github.com/maynagashev/gophkeeper/server/internal/handlers/vault_handler.go:142.16,143.48 1 1
github.com/maynagashev/gophkeeper/server/internal/handlers/vault_handler.go:143.48,146.4 2 1
github.com/maynagashev/gophkeeper/server/internal/handlers/vault_handler.go:146.9,150.4 2 1
github.com/maynagashev/gophkeeper/server/internal/handlers/vault_handler.go:151.3,151.9 1 1
github.com/maynagashev/gophkeeper/server/internal/handlers/vault_handler.go:153.2,153.15 1 1
github.com/maynagashev/gophkeeper/server/internal/handlers/vault_handler.go:153.15,154.54 1 1
github.com/maynagashev/gophkeeper/server/internal/handlers/vault_handler.go:154.54,156.4 1 0
github.com/maynagashev/gophkeeper/server/internal/handlers/vault_handler.go:160.2,163.34 4 1
github.com/maynagashev/gophkeeper/server/internal/handlers/vault_handler.go:163.34,165.3 1 1
github.com/maynagashev/gophkeeper/server/internal/handlers/vault_handler.go:168.2,169.16 2 1
github.com/maynagashev/gophkeeper/server/internal/handlers/vault_handler.go:169.16,172.3 2 0
github.com/maynagashev/gophkeeper/server/internal/handlers/vault_handler.go:174.2,174.159 1 1
github.com/maynagashev/gophkeeper/server/internal/handlers/vault_handler.go:178.77,180.9 2 1
github.com/maynagashev/gophkeeper/server/internal/handlers/vault_handler.go:180.9,184.3 3 1
github.com/maynagashev/gophkeeper/server/internal/handlers/vault_handler.go:187.2,191.31 5 1
github.com/maynagashev/gophkeeper/server/internal/handlers/vault_handler.go:191.31,193.3 1 1
github.com/maynagashev/gophkeeper/server/internal/handlers/vault_handler.go:194.2,194.16 1 1
github.com/maynagashev/gophkeeper/server/internal/handlers/vault_handler.go:194.16,196.3 1 0
github.com/maynagashev/gophkeeper/server/internal/handlers/vault_handler.go:198.2,202.16 3 1
github.com/maynagashev/gophkeeper/server/internal/handlers/vault_handler.go:202.16,207.3 3 1
github.com/maynagashev/gophkeeper/server/internal/handlers/vault_handler.go:211.2,213.45 3 1
github.com/maynagashev/gophkeeper/server/internal/handlers/vault_handler.go:213.45,216.3 2 1
github.com/maynagashev/gophkeeper/server/internal/handlers/vault_handler.go:216.8,216.69 1 1
github.com/maynagashev/gophkeeper/server/internal/handlers/vault_handler.go:216.69,220.3 1 0
github.com/maynagashev/gophkeeper/server/internal/handlers/vault_handler.go:223.2,236.59 5 1
github.com/maynagashev/gophkeeper/server/internal/handlers/vault_handler.go:236.59,238.3 1 0
github.com/maynagashev/gophkeeper/server/internal/handlers/vault_handler.go:247.73,249.9 2 1
github.com/maynagashev/gophkeeper/server/internal/handlers/vault_handler.go:249.9,253.3 3 1
github.com/maynagashev/gophkeeper/server/internal/handlers/vault_handler.go:256.2,257.61 2 1
github.com/maynagashev/gophkeeper/server/internal/handlers/vault_handler.go:257.61,261.3 3 1
github.com/maynagashev/gophkeeper/server/internal/handlers/vault_handler.go:263.2,263.24 1 1
github.com/maynagashev/gophkeeper/server/internal/handlers/vault_handler.go:263.24,266.3 2 1
github.com/maynagashev/gophkeeper/server/internal/handlers/vault_handler.go:268.2,271.16 3 1
github.com/maynagashev/gophkeeper/server/internal/handlers/vault_handler.go:271.16,272.10 1 1
github.com/maynagashev/gophkeeper/server/internal/handlers/vault_handler.go:273.95,275.119 2 1
github.com/maynagashev/gophkeeper/server/internal/handlers/vault_handler.go:276.46,278.72 2 1
github.com/maynagashev/gophkeeper/server/internal/handlers/vault_handler.go:279.11,282.101 2 1
github.com/maynagashev/gophkeeper/server/internal/handlers/vault_handler.go:284.3,284.9 1 1
github.com/maynagashev/gophkeeper/server/internal/handlers/vault_handler.go:287.2,288.144 2 1
github.com/maynagashev/gophkeeper/server/cmd/server/flags.go:30.36,47.20 7 1
github.com/maynagashev/gophkeeper/server/cmd/server/flags.go:47.20,48.51 1 1
github.com/maynagashev/gophkeeper/server/cmd/server/flags.go:48.51,50.4 1 1
github.com/maynagashev/gophkeeper/server/cmd/server/flags.go:50.9,52.4 1 1
github.com/maynagashev/gophkeeper/server/cmd/server/flags.go:54.2,54.24 1 1
github.com/maynagashev/gophkeeper/server/cmd/server/flags.go:54.24,55.52 1 1
github.com/maynagashev/gophkeeper/server/cmd/server/flags.go:55.52,57.4 1 1
github.com/maynagashev/gophkeeper/server/cmd/server/flags.go:59.2,59.23 1 1
github.com/maynagashev/gophkeeper/server/cmd/server/flags.go:59.23,60.51 1 1
github.com/maynagashev/gophkeeper/server/cmd/server/flags.go:60.51,62.4 1 1
github.com/maynagashev/gophkeeper/server/cmd/server/flags.go:64.2,64.27 1 1
github.com/maynagashev/gophkeeper/server/cmd/server/flags.go:64.27,65.52 1 1
github.com/maynagashev/gophkeeper/server/cmd/server/flags.go:65.52,67.4 1 1
github.com/maynagashev/gophkeeper/server/cmd/server/flags.go:71.2,71.24 1 1
github.com/maynagashev/gophkeeper/server/cmd/server/flags.go:71.24,73.3 1 1
github.com/maynagashev/gophkeeper/server/cmd/server/flags.go:74.2,74.23 1 1
github.com/maynagashev/gophkeeper/server/cmd/server/flags.go:74.23,76.3 1 1
github.com/maynagashev/gophkeeper/server/cmd/server/flags.go:77.2,77.27 1 1
github.com/maynagashev/gophkeeper/server/cmd/server/flags.go:77.27,79.3 1 1
github.com/maynagashev/gophkeeper/server/cmd/server/flags.go:81.2,81.17 1 1
github.com/maynagashev/gophkeeper/server/cmd/server/main.go:52.47,66.117 5 0
github.com/maynagashev/gophkeeper/server/cmd/server/main.go:66.117,68.3 1 0
github.com/maynagashev/gophkeeper/server/cmd/server/main.go:69.2,69.12 1 0
github.com/maynagashev/gophkeeper/server/cmd/server/main.go:73.13,74.30 1 0
github.com/maynagashev/gophkeeper/server/cmd/server/main.go:74.30,77.3 2 0
github.com/maynagashev/gophkeeper/server/cmd/server/main.go:81.18,86.16 3 0
github.com/maynagashev/gophkeeper/server/cmd/server/main.go:86.16,91.3 1 0
github.com/maynagashev/gophkeeper/server/cmd/server/main.go:94.2,95.16 2 0
github.com/maynagashev/gophkeeper/server/cmd/server/main.go:95.16,97.3 1 0
github.com/maynagashev/gophkeeper/server/cmd/server/main.go:100.2,100.15 1 0
github.com/maynagashev/gophkeeper/server/cmd/server/main.go:100.15,101.21 1 0
github.com/maynagashev/gophkeeper/server/cmd/server/main.go:101.21,102.52 1 0
github.com/maynagashev/gophkeeper/server/cmd/server/main.go:102.52,104.5 1 0
github.com/maynagashev/gophkeeper/server/cmd/server/main.go:109.2,113.47 2 0
github.com/maynagashev/gophkeeper/server/cmd/server/main.go:113.47,115.3 1 0
github.com/maynagashev/gophkeeper/server/cmd/server/main.go:116.2,116.12 1 0
github.com/maynagashev/gophkeeper/server/cmd/server/main.go:120.60,126.16 4 1
github.com/maynagashev/gophkeeper/server/cmd/server/main.go:126.16,128.3 1 1
github.com/maynagashev/gophkeeper/server/cmd/server/main.go:129.2,141.16 4 1
github.com/maynagashev/gophkeeper/server/cmd/server/main.go:141.16,143.55 1 1
github.com/maynagashev/gophkeeper/server/cmd/server/main.go:143.55,145.4 1 1
github.com/maynagashev/gophkeeper/server/cmd/server/main.go:146.3,146.98 1 1
github.com/maynagashev/gophkeeper/server/cmd/server/main.go:151.2,164.18 8 1
github.com/maynagashev/gophkeeper/server/cmd/server/main.go:168.99,176.62 6 1
github.com/maynagashev/gophkeeper/server/cmd/server/main.go:176.62,178.3 1 0
github.com/maynagashev/gophkeeper/server/cmd/server/main.go:181.2,181.37 1 1
github.com/maynagashev/gophkeeper/server/cmd/server/main.go:181.37,187.30 3 1
github.com/maynagashev/gophkeeper/server/cmd/server/main.go:187.30,192.41 2 1
github.com/maynagashev/gophkeeper/server/cmd/server/main.go:192.41,198.5 5 1
github.com/maynagashev/gophkeeper/server/cmd/server/main.go:203.2,203.10 1 1
github.com/maynagashev/gophkeeper/server/cmd/server/main.go:207.42,208.40 1 1
github.com/maynagashev/gophkeeper/server/cmd/server/main.go:208.40,210.3 1 1
github.com/maynagashev/gophkeeper/server/cmd/server/main.go:211.2,212.17 2 1
github.com/maynagashev/gophkeeper/server/internal/repository/db.go:20.50,24.16 3 1
github.com/maynagashev/gophkeeper/server/internal/repository/db.go:24.16,26.3 1 1
github.com/maynagashev/gophkeeper/server/internal/repository/db.go:29.2,29.33 1 1
github.com/maynagashev/gophkeeper/server/internal/repository/db.go:29.33,32.22 2 0
github.com/maynagashev/gophkeeper/server/internal/repository/db.go:32.22,34.4 1 0
github.com/maynagashev/gophkeeper/server/internal/repository/db.go:35.3,35.103 1 0
github.com/maynagashev/gophkeeper/server/internal/repository/db.go:39.2,45.16 6 1
github.com/maynagashev/gophkeeper/server/internal/repository/user_repository.go:32.60,34.2 1 1
github.com/maynagashev/gophkeeper/server/internal/repository/user_repository.go:38.100,43.16 4 1
github.com/maynagashev/gophkeeper/server/internal/repository/user_repository.go:43.16,46.68 2 1
github.com/maynagashev/gophkeeper/server/internal/repository/user_repository.go:46.68,49.4 2 1
github.com/maynagashev/gophkeeper/server/internal/repository/user_repository.go:50.3,51.131 2 1
github.com/maynagashev/gophkeeper/server/internal/repository/user_repository.go:54.2,55.20 2 1
github.com/maynagashev/gophkeeper/server/internal/repository/user_repository.go:60.112,65.16 4 1
github.com/maynagashev/gophkeeper/server/internal/repository/user_repository.go:65.16,66.36 1 1
github.com/maynagashev/gophkeeper/server/internal/repository/user_repository.go:66.36,69.4 2 1
github.com/maynagashev/gophkeeper/server/internal/repository/user_repository.go:70.3,71.135 2 1
github.com/maynagashev/gophkeeper/server/internal/repository/user_repository.go:74.2,75.19 2 1
github.com/maynagashev/gophkeeper/server/internal/repository/vault_repository.go:30.62,32.2 1 1
github.com/maynagashev/gophkeeper/server/internal/repository/vault_repository.go:35.110,40.16 4 1
github.com/maynagashev/gophkeeper/server/internal/repository/vault_repository.go:40.16,41.36 1 1
github.com/maynagashev/gophkeeper/server/internal/repository/vault_repository.go:41.36,44.4 2 1
github.com/maynagashev/gophkeeper/server/internal/repository/vault_repository.go:45.3,46.129 2 1
github.com/maynagashev/gophkeeper/server/internal/repository/vault_repository.go:49.2,50.20 2 1
github.com/maynagashev/gophkeeper/server/internal/repository/vault_repository.go:55.104,61.16 4 1
github.com/maynagashev/gophkeeper/server/internal/repository/vault_repository.go:61.16,65.3 2 1
github.com/maynagashev/gophkeeper/server/internal/repository/vault_repository.go:67.2,68.21 2 1
github.com/maynagashev/gophkeeper/server/internal/repository/vault_repository.go:72.120,76.16 3 1
github.com/maynagashev/gophkeeper/server/internal/repository/vault_repository.go:76.16,79.3 2 1
github.com/maynagashev/gophkeeper/server/internal/repository/vault_repository.go:81.2,82.16 2 1
github.com/maynagashev/gophkeeper/server/internal/repository/vault_repository.go:82.16,86.3 2 1
github.com/maynagashev/gophkeeper/server/internal/repository/vault_repository.go:88.2,88.23 1 1
github.com/maynagashev/gophkeeper/server/internal/repository/vault_repository.go:88.23,91.3 2 1
github.com/maynagashev/gophkeeper/server/internal/repository/vault_repository.go:93.2,94.12 2 1
github.com/maynagashev/gophkeeper/server/internal/repository/vault_repository.go:101.48,131.16 5 1
github.com/maynagashev/gophkeeper/server/internal/repository/vault_repository.go:131.16,132.36 1 1
github.com/maynagashev/gophkeeper/server/internal/repository/vault_repository.go:132.36,135.4 2 1
github.com/maynagashev/gophkeeper/server/internal/repository/vault_repository.go:136.3,137.152 2 1
github.com/maynagashev/gophkeeper/server/internal/repository/vault_repository.go:140.2,149.26 3 1
github.com/maynagashev/gophkeeper/server/internal/repository/vault_repository.go:149.26,162.3 2 1
github.com/maynagashev/gophkeeper/server/internal/repository/vault_repository.go:162.8,164.3 1 1
github.com/maynagashev/gophkeeper/server/internal/repository/vault_repository.go:166.2,166.35 1 1
github.com/maynagashev/gophkeeper/server/internal/repository/vault_version_repository.go:28.76,30.2 1 1
github.com/maynagashev/gophkeeper/server/internal/repository/vault_version_repository.go:36.18,45.16 4 1
github.com/maynagashev/gophkeeper/server/internal/repository/vault_version_repository.go:45.16,48.68 2 1
github.com/maynagashev/gophkeeper/server/internal/repository/vault_version_repository.go:48.68,51.4 2 1
github.com/maynagashev/gophkeeper/server/internal/repository/vault_version_repository.go:52.3,53.119 2 1
github.com/maynagashev/gophkeeper/server/internal/repository/vault_version_repository.go:56.2,57.23 2 1
github.com/maynagashev/gophkeeper/server/internal/repository/vault_version_repository.go:66.34,76.16 4 1
github.com/maynagashev/gophkeeper/server/internal/repository/vault_version_repository.go:76.16,79.3 2 1
github.com/maynagashev/gophkeeper/server/internal/repository/vault_version_repository.go:81.2,83.22 2 1
github.com/maynagashev/gophkeeper/server/internal/repository/vault_version_repository.go:90.33,96.16 4 1
github.com/maynagashev/gophkeeper/server/internal/repository/vault_version_repository.go:96.16,97.36 1 1
github.com/maynagashev/gophkeeper/server/internal/repository/vault_version_repository.go:97.36,100.4 2 1
github.com/maynagashev/gophkeeper/server/internal/repository/vault_version_repository.go:101.3,102.123 2 1
github.com/maynagashev/gophkeeper/server/internal/repository/vault_version_repository.go:105.2,106.22 2 1
github.com/maynagashev/gophkeeper/server/internal/services/auth_service.go:43.69,45.2 1 1
github.com/maynagashev/gophkeeper/server/internal/services/auth_service.go:48.65,53.16 3 1
github.com/maynagashev/gophkeeper/server/internal/services/auth_service.go:53.16,56.3 2 0
github.com/maynagashev/gophkeeper/server/internal/services/auth_service.go:58.2,65.16 3 1
github.com/maynagashev/gophkeeper/server/internal/services/auth_service.go:65.16,66.50 1 1
github.com/maynagashev/gophkeeper/server/internal/services/auth_service.go:66.50,69.4 2 1
github.com/maynagashev/gophkeeper/server/internal/services/auth_service.go:70.3,71.121 2 1
github.com/maynagashev/gophkeeper/server/internal/services/auth_service.go:74.2,75.12 2 1
github.com/maynagashev/gophkeeper/server/internal/services/auth_service.go:79.72,84.16 3 1
github.com/maynagashev/gophkeeper/server/internal/services/auth_service.go:84.16,85.49 1 1
github.com/maynagashev/gophkeeper/server/internal/services/auth_service.go:85.49,88.4 2 1
github.com/maynagashev/gophkeeper/server/internal/services/auth_service.go:89.3,90.121 2 1
github.com/maynagashev/gophkeeper/server/internal/services/auth_service.go:94.2,95.16 2 1
github.com/maynagashev/gophkeeper/server/internal/services/auth_service.go:95.16,99.3 2 1
github.com/maynagashev/gophkeeper/server/internal/services/auth_service.go:102.2,103.16 2 1
github.com/maynagashev/gophkeeper/server/internal/services/auth_service.go:103.16,106.3 2 0
github.com/maynagashev/gophkeeper/server/internal/services/auth_service.go:108.2,109.19 2 1
github.com/maynagashev/gophkeeper/server/internal/services/auth_service.go:113.65,130.16 4 1
github.com/maynagashev/gophkeeper/server/internal/services/auth_service.go:130.16,132.3 1 0
github.com/maynagashev/gophkeeper/server/internal/services/auth_service.go:134.2,134.25 1 1
github.com/maynagashev/gophkeeper/server/internal/services/vault_service.go:45.16,52.2 1 1
github.com/maynagashev/gophkeeper/server/internal/services/vault_service.go:55.85,59.16 3 1
github.com/maynagashev/gophkeeper/server/internal/services/vault_service.go:59.16,60.50 1 1
github.com/maynagashev/gophkeeper/server/internal/services/vault_service.go:60.50,63.4 2 1
github.com/maynagashev/gophkeeper/server/internal/services/vault_service.go:64.3,65.124 2 1
github.com/maynagashev/gophkeeper/server/internal/services/vault_service.go:68.2,68.27 1 1
github.com/maynagashev/gophkeeper/server/internal/services/vault_service.go:68.27,72.3 2 1
github.com/maynagashev/gophkeeper/server/internal/services/vault_service.go:74.2,76.28 2 1
github.com/maynagashev/gophkeeper/server/internal/services/vault_service.go:86.9,91.16 3 1
github.com/maynagashev/gophkeeper/server/internal/services/vault_service.go:91.16,93.3 1 1
github.com/maynagashev/gophkeeper/server/internal/services/vault_service.go:96.2,97.16 2 1
github.com/maynagashev/gophkeeper/server/internal/services/vault_service.go:97.16,101.3 2 0
github.com/maynagashev/gophkeeper/server/internal/services/vault_service.go:103.2,103.15 1 1
github.com/maynagashev/gophkeeper/server/internal/services/vault_service.go:103.15,104.31 1 1
github.com/maynagashev/gophkeeper/server/internal/services/vault_service.go:104.31,106.12 2 0
github.com/maynagashev/gophkeeper/server/internal/services/vault_service.go:107.9,107.24 1 1
github.com/maynagashev/gophkeeper/server/internal/services/vault_service.go:107.24,111.4 2 1
github.com/maynagashev/gophkeeper/server/internal/services/vault_service.go:111.9,113.18 2 1
github.com/maynagashev/gophkeeper/server/internal/services/vault_service.go:113.18,116.5 1 0
github.com/maynagashev/gophkeeper/server/internal/services/vault_service.go:121.2,122.64 2 1
github.com/maynagashev/gophkeeper/server/internal/services/vault_service.go:122.64,126.3 2 0
github.com/maynagashev/gophkeeper/server/internal/services/vault_service.go:129.2,130.16 2 1
github.com/maynagashev/gophkeeper/server/internal/services/vault_service.go:130.16,132.3 1 1
github.com/maynagashev/gophkeeper/server/internal/services/vault_service.go:135.2,135.28 1 1
github.com/maynagashev/gophkeeper/server/internal/services/vault_service.go:135.28,137.17 2 1
github.com/maynagashev/gophkeeper/server/internal/services/vault_service.go:137.17,139.4 1 0
github.com/maynagashev/gophkeeper/server/internal/services/vault_service.go:143.2,143.12 1 1
github.com/maynagashev/gophkeeper/server/internal/services/vault_service.go:153.27,163.16 5 1
github.com/maynagashev/gophkeeper/server/internal/services/vault_service.go:163.16,166.3 2 1
github.com/maynagashev/gophkeeper/server/internal/services/vault_service.go:169.2,173.39 3 1
github.com/maynagashev/gophkeeper/server/internal/services/vault_service.go:181.17,183.70 1 1
github.com/maynagashev/gophkeeper/server/internal/services/vault_service.go:183.70,185.3 1 1
github.com/maynagashev/gophkeeper/server/internal/services/vault_service.go:187.2,189.36 3 1
github.com/maynagashev/gophkeeper/server/internal/services/vault_service.go:189.36,191.3 1 1
github.com/maynagashev/gophkeeper/server/internal/services/vault_service.go:193.2,196.35 2 1
github.com/maynagashev/gophkeeper/server/internal/services/vault_service.go:196.35,201.3 2 1
github.com/maynagashev/gophkeeper/server/internal/services/vault_service.go:201.8,201.41 1 1
github.com/maynagashev/gophkeeper/server/internal/services/vault_service.go:201.41,203.39 1 1
github.com/maynagashev/gophkeeper/server/internal/services/vault_service.go:203.39,207.4 2 1
github.com/maynagashev/gophkeeper/server/internal/services/vault_service.go:209.3,210.35 2 1
github.com/maynagashev/gophkeeper/server/internal/services/vault_service.go:214.2,214.18 1 1
github.com/maynagashev/gophkeeper/server/internal/services/vault_service.go:226.9,229.18 2 1
github.com/maynagashev/gophkeeper/server/internal/services/vault_service.go:229.18,235.17 5 1
github.com/maynagashev/gophkeeper/server/internal/services/vault_service.go:235.17,238.4 2 0
github.com/maynagashev/gophkeeper/server/internal/services/vault_service.go:239.3,239.137 1 1
github.com/maynagashev/gophkeeper/server/internal/services/vault_service.go:240.8,243.3 2 1
github.com/maynagashev/gophkeeper/server/internal/services/vault_service.go:246.2,254.16 3 1
github.com/maynagashev/gophkeeper/server/internal/services/vault_service.go:254.16,257.3 2 0
github.com/maynagashev/gophkeeper/server/internal/services/vault_service.go:258.2,262.16 3 1
github.com/maynagashev/gophkeeper/server/internal/services/vault_service.go:262.16,265.3 2 0
github.com/maynagashev/gophkeeper/server/internal/services/vault_service.go:266.2,269.12 3 1
github.com/maynagashev/gophkeeper/server/internal/services/vault_service.go:273.97,278.16 3 0
github.com/maynagashev/gophkeeper/server/internal/services/vault_service.go:278.16,279.50 1 0
github.com/maynagashev/gophkeeper/server/internal/services/vault_service.go:279.50,282.4 2 0
github.com/maynagashev/gophkeeper/server/internal/services/vault_service.go:283.3,284.129 2 0
github.com/maynagashev/gophkeeper/server/internal/services/vault_service.go:287.2,287.27 1 0
github.com/maynagashev/gophkeeper/server/internal/services/vault_service.go:287.27,290.3 2 0
github.com/maynagashev/gophkeeper/server/internal/services/vault_service.go:293.2,294.16 2 0
github.com/maynagashev/gophkeeper/server/internal/services/vault_service.go:294.16,295.48 1 0
github.com/maynagashev/gophkeeper/server/internal/services/vault_service.go:295.48,299.4 2 0
github.com/maynagashev/gophkeeper/server/internal/services/vault_service.go:300.3,302.121 2 0
github.com/maynagashev/gophkeeper/server/internal/services/vault_service.go:305.2,307.40 2 0
github.com/maynagashev/gophkeeper/server/internal/services/vault_service.go:311.101,316.16 3 0
github.com/maynagashev/gophkeeper/server/internal/services/vault_service.go:316.16,317.50 1 0
github.com/maynagashev/gophkeeper/server/internal/services/vault_service.go:317.50,320.4 2 0
github.com/maynagashev/gophkeeper/server/internal/services/vault_service.go:321.3,322.77 2 0
github.com/maynagashev/gophkeeper/server/internal/services/vault_service.go:326.2,327.16 2 0
github.com/maynagashev/gophkeeper/server/internal/services/vault_service.go:327.16,331.3 2 0
github.com/maynagashev/gophkeeper/server/internal/services/vault_service.go:333.2,334.22 2 0
github.com/maynagashev/gophkeeper/server/internal/services/vault_service.go:338.79,343.16 3 0
github.com/maynagashev/gophkeeper/server/internal/services/vault_service.go:343.16,344.50 1 0
github.com/maynagashev/gophkeeper/server/internal/services/vault_service.go:344.50,347.4 2 0
github.com/maynagashev/gophkeeper/server/internal/services/vault_service.go:348.3,349.72 2 0
github.com/maynagashev/gophkeeper/server/internal/services/vault_service.go:353.2,354.16 2 0
github.com/maynagashev/gophkeeper/server/internal/services/vault_service.go:354.16,355.52 1 0
github.com/maynagashev/gophkeeper/server/internal/services/vault_service.go:355.52,358.4 2 0
github.com/maynagashev/gophkeeper/server/internal/services/vault_service.go:359.3,360.72 2 0
github.com/maynagashev/gophkeeper/server/internal/services/vault_service.go:362.2,362.33 1 0
github.com/maynagashev/gophkeeper/server/internal/services/vault_service.go:362.33,366.3 2 0
github.com/maynagashev/gophkeeper/server/internal/services/vault_service.go:369.2,370.16 2 0
github.com/maynagashev/gophkeeper/server/internal/services/vault_service.go:370.16,372.50 1 0
github.com/maynagashev/gophkeeper/server/internal/services/vault_service.go:372.50,376.4 2 0
github.com/maynagashev/gophkeeper/server/internal/services/vault_service.go:377.3,379.92 2 0
github.com/maynagashev/gophkeeper/server/internal/services/vault_service.go:382.2,383.12 2 0
