mode: set
github.com/maynagashev/gophkeeper/server/cmd/server/main.go:52.13,60.16 4 0
github.com/maynagashev/gophkeeper/server/cmd/server/main.go:60.16,62.3 1 0
github.com/maynagashev/gophkeeper/server/cmd/server/main.go:63.2,63.15 1 0
github.com/maynagashev/gophkeeper/server/cmd/server/main.go:63.15,64.35 1 0
github.com/maynagashev/gophkeeper/server/cmd/server/main.go:64.35,66.4 1 0
github.com/maynagashev/gophkeeper/server/cmd/server/main.go:68.2,79.16 4 0
github.com/maynagashev/gophkeeper/server/cmd/server/main.go:79.16,82.3 1 0
github.com/maynagashev/gophkeeper/server/cmd/server/main.go:85.2,105.62 13 0
github.com/maynagashev/gophkeeper/server/cmd/server/main.go:105.62,107.3 1 0
github.com/maynagashev/gophkeeper/server/cmd/server/main.go:110.2,110.42 1 0
github.com/maynagashev/gophkeeper/server/cmd/server/main.go:110.42,113.3 2 0
github.com/maynagashev/gophkeeper/server/cmd/server/main.go:116.2,116.29 1 0
github.com/maynagashev/gophkeeper/server/cmd/server/main.go:116.29,121.44 2 0
github.com/maynagashev/gophkeeper/server/cmd/server/main.go:121.44,128.4 5 0
github.com/maynagashev/gophkeeper/server/cmd/server/main.go:132.2,142.88 4 0
github.com/maynagashev/gophkeeper/server/cmd/server/main.go:142.88,144.3 1 0
github.com/maynagashev/gophkeeper/server/cmd/server/main.go:148.29,159.2 6 0
github.com/maynagashev/gophkeeper/server/cmd/server/main.go:162.42,163.40 1 0
github.com/maynagashev/gophkeeper/server/cmd/server/main.go:163.40,165.3 1 0
github.com/maynagashev/gophkeeper/server/cmd/server/main.go:166.2,166.17 1 0
github.com/maynagashev/gophkeeper/server/internal/storage/minio_client.go:38.60,46.16 3 0
github.com/maynagashev/gophkeeper/server/internal/storage/minio_client.go:46.16,48.3 1 0
github.com/maynagashev/gophkeeper/server/internal/storage/minio_client.go:52.2,53.16 2 0
github.com/maynagashev/gophkeeper/server/internal/storage/minio_client.go:53.16,56.3 1 0
github.com/maynagashev/gophkeeper/server/internal/storage/minio_client.go:59.2,61.16 3 0
github.com/maynagashev/gophkeeper/server/internal/storage/minio_client.go:61.16,63.3 1 0
github.com/maynagashev/gophkeeper/server/internal/storage/minio_client.go:64.2,64.13 1 0
github.com/maynagashev/gophkeeper/server/internal/storage/minio_client.go:64.13,67.17 3 0
github.com/maynagashev/gophkeeper/server/internal/storage/minio_client.go:67.17,69.4 1 0
github.com/maynagashev/gophkeeper/server/internal/storage/minio_client.go:70.3,70.77 1 0
github.com/maynagashev/gophkeeper/server/internal/storage/minio_client.go:71.8,73.3 1 0
github.com/maynagashev/gophkeeper/server/internal/storage/minio_client.go:75.2,79.8 2 0
github.com/maynagashev/gophkeeper/server/internal/storage/minio_client.go:89.9,101.16 4 0
github.com/maynagashev/gophkeeper/server/internal/storage/minio_client.go:101.16,104.3 2 0
github.com/maynagashev/gophkeeper/server/internal/storage/minio_client.go:106.2,107.12 2 0
github.com/maynagashev/gophkeeper/server/internal/storage/minio_client.go:112.98,117.16 3 0
github.com/maynagashev/gophkeeper/server/internal/storage/minio_client.go:117.16,120.64 2 0
github.com/maynagashev/gophkeeper/server/internal/storage/minio_client.go:120.64,123.4 2 0
github.com/maynagashev/gophkeeper/server/internal/storage/minio_client.go:124.3,125.91 2 0
github.com/maynagashev/gophkeeper/server/internal/storage/minio_client.go:140.2,141.20 2 0
github.com/maynagashev/gophkeeper/server/internal/services/auth_service.go:43.69,45.2 1 0
github.com/maynagashev/gophkeeper/server/internal/services/auth_service.go:48.65,53.16 3 0
github.com/maynagashev/gophkeeper/server/internal/services/auth_service.go:53.16,56.3 2 0
github.com/maynagashev/gophkeeper/server/internal/services/auth_service.go:58.2,65.16 3 0
github.com/maynagashev/gophkeeper/server/internal/services/auth_service.go:65.16,66.50 1 0
github.com/maynagashev/gophkeeper/server/internal/services/auth_service.go:66.50,69.4 2 0
github.com/maynagashev/gophkeeper/server/internal/services/auth_service.go:70.3,71.121 2 0
github.com/maynagashev/gophkeeper/server/internal/services/auth_service.go:74.2,75.12 2 0
github.com/maynagashev/gophkeeper/server/internal/services/auth_service.go:79.72,84.16 3 0
github.com/maynagashev/gophkeeper/server/internal/services/auth_service.go:84.16,85.49 1 0
github.com/maynagashev/gophkeeper/server/internal/services/auth_service.go:85.49,88.4 2 0
github.com/maynagashev/gophkeeper/server/internal/services/auth_service.go:89.3,90.121 2 0
github.com/maynagashev/gophkeeper/server/internal/services/auth_service.go:94.2,95.16 2 0
github.com/maynagashev/gophkeeper/server/internal/services/auth_service.go:95.16,99.3 2 0
github.com/maynagashev/gophkeeper/server/internal/services/auth_service.go:102.2,103.16 2 0
github.com/maynagashev/gophkeeper/server/internal/services/auth_service.go:103.16,106.3 2 0
github.com/maynagashev/gophkeeper/server/internal/services/auth_service.go:108.2,109.19 2 0
github.com/maynagashev/gophkeeper/server/internal/services/auth_service.go:113.65,130.16 4 0
github.com/maynagashev/gophkeeper/server/internal/services/auth_service.go:130.16,132.3 1 0
github.com/maynagashev/gophkeeper/server/internal/services/auth_service.go:134.2,134.25 1 0
github.com/maynagashev/gophkeeper/server/internal/services/vault_service.go:44.16,51.2 1 0
github.com/maynagashev/gophkeeper/server/internal/services/vault_service.go:54.85,58.16 3 0
github.com/maynagashev/gophkeeper/server/internal/services/vault_service.go:58.16,59.50 1 0
github.com/maynagashev/gophkeeper/server/internal/services/vault_service.go:59.50,62.4 2 0
github.com/maynagashev/gophkeeper/server/internal/services/vault_service.go:63.3,64.124 2 0
github.com/maynagashev/gophkeeper/server/internal/services/vault_service.go:67.2,67.27 1 0
github.com/maynagashev/gophkeeper/server/internal/services/vault_service.go:67.27,71.3 2 0
github.com/maynagashev/gophkeeper/server/internal/services/vault_service.go:73.2,75.28 2 0
github.com/maynagashev/gophkeeper/server/internal/services/vault_service.go:79.106,91.16 6 0
github.com/maynagashev/gophkeeper/server/internal/services/vault_service.go:91.16,94.3 2 0
github.com/maynagashev/gophkeeper/server/internal/services/vault_service.go:95.2,100.16 4 0
github.com/maynagashev/gophkeeper/server/internal/services/vault_service.go:100.16,104.3 2 0
github.com/maynagashev/gophkeeper/server/internal/services/vault_service.go:106.2,106.15 1 0
github.com/maynagashev/gophkeeper/server/internal/services/vault_service.go:106.15,107.31 1 0
github.com/maynagashev/gophkeeper/server/internal/services/vault_service.go:107.31,109.12 2 0
github.com/maynagashev/gophkeeper/server/internal/services/vault_service.go:110.9,110.24 1 0
github.com/maynagashev/gophkeeper/server/internal/services/vault_service.go:110.24,114.4 2 0
github.com/maynagashev/gophkeeper/server/internal/services/vault_service.go:114.9,116.18 2 0
github.com/maynagashev/gophkeeper/server/internal/services/vault_service.go:116.18,119.5 1 0
github.com/maynagashev/gophkeeper/server/internal/services/vault_service.go:129.2,130.16 2 0
github.com/maynagashev/gophkeeper/server/internal/services/vault_service.go:130.16,132.3 1 0
github.com/maynagashev/gophkeeper/server/internal/services/vault_service.go:135.2,142.16 3 0
github.com/maynagashev/gophkeeper/server/internal/services/vault_service.go:142.16,145.3 2 0
github.com/maynagashev/gophkeeper/server/internal/services/vault_service.go:146.2,150.16 3 0
github.com/maynagashev/gophkeeper/server/internal/services/vault_service.go:150.16,153.3 2 0
github.com/maynagashev/gophkeeper/server/internal/services/vault_service.go:154.2,158.12 3 0
github.com/maynagashev/gophkeeper/server/internal/services/vault_service.go:164.92,166.16 2 0
github.com/maynagashev/gophkeeper/server/internal/services/vault_service.go:166.16,170.3 2 0
github.com/maynagashev/gophkeeper/server/internal/services/vault_service.go:172.2,172.50 1 0
github.com/maynagashev/gophkeeper/server/internal/services/vault_service.go:172.50,176.3 2 0
github.com/maynagashev/gophkeeper/server/internal/services/vault_service.go:179.2,182.16 4 0
github.com/maynagashev/gophkeeper/server/internal/services/vault_service.go:182.16,185.3 2 0
github.com/maynagashev/gophkeeper/server/internal/services/vault_service.go:186.2,187.21 2 0
github.com/maynagashev/gophkeeper/server/internal/services/vault_service.go:191.97,196.16 3 0
github.com/maynagashev/gophkeeper/server/internal/services/vault_service.go:196.16,197.50 1 0
github.com/maynagashev/gophkeeper/server/internal/services/vault_service.go:197.50,200.4 2 0
github.com/maynagashev/gophkeeper/server/internal/services/vault_service.go:201.3,202.129 2 0
github.com/maynagashev/gophkeeper/server/internal/services/vault_service.go:205.2,205.27 1 0
github.com/maynagashev/gophkeeper/server/internal/services/vault_service.go:205.27,208.3 2 0
github.com/maynagashev/gophkeeper/server/internal/services/vault_service.go:211.2,212.16 2 0
github.com/maynagashev/gophkeeper/server/internal/services/vault_service.go:212.16,213.48 1 0
github.com/maynagashev/gophkeeper/server/internal/services/vault_service.go:213.48,217.4 2 0
github.com/maynagashev/gophkeeper/server/internal/services/vault_service.go:218.3,220.121 2 0
github.com/maynagashev/gophkeeper/server/internal/services/vault_service.go:223.2,225.40 2 0
github.com/maynagashev/gophkeeper/server/internal/services/vault_service.go:229.101,234.16 3 0
github.com/maynagashev/gophkeeper/server/internal/services/vault_service.go:234.16,235.50 1 0
github.com/maynagashev/gophkeeper/server/internal/services/vault_service.go:235.50,238.4 2 0
github.com/maynagashev/gophkeeper/server/internal/services/vault_service.go:239.3,240.77 2 0
github.com/maynagashev/gophkeeper/server/internal/services/vault_service.go:244.2,245.16 2 0
github.com/maynagashev/gophkeeper/server/internal/services/vault_service.go:245.16,249.3 2 0
github.com/maynagashev/gophkeeper/server/internal/services/vault_service.go:251.2,252.22 2 0
github.com/maynagashev/gophkeeper/server/internal/services/vault_service.go:256.79,261.16 3 0
github.com/maynagashev/gophkeeper/server/internal/services/vault_service.go:261.16,262.50 1 0
github.com/maynagashev/gophkeeper/server/internal/services/vault_service.go:262.50,265.4 2 0
github.com/maynagashev/gophkeeper/server/internal/services/vault_service.go:266.3,267.72 2 0
github.com/maynagashev/gophkeeper/server/internal/services/vault_service.go:271.2,272.16 2 0
github.com/maynagashev/gophkeeper/server/internal/services/vault_service.go:272.16,273.52 1 0
github.com/maynagashev/gophkeeper/server/internal/services/vault_service.go:273.52,276.4 2 0
github.com/maynagashev/gophkeeper/server/internal/services/vault_service.go:277.3,278.72 2 0
github.com/maynagashev/gophkeeper/server/internal/services/vault_service.go:280.2,280.33 1 0
github.com/maynagashev/gophkeeper/server/internal/services/vault_service.go:280.33,284.3 2 0
github.com/maynagashev/gophkeeper/server/internal/services/vault_service.go:287.2,288.16 2 0
github.com/maynagashev/gophkeeper/server/internal/services/vault_service.go:288.16,290.50 1 0
github.com/maynagashev/gophkeeper/server/internal/services/vault_service.go:290.50,294.4 2 0
github.com/maynagashev/gophkeeper/server/internal/services/vault_service.go:295.3,297.92 2 0
github.com/maynagashev/gophkeeper/server/internal/services/vault_service.go:300.2,301.12 2 0
github.com/maynagashev/gophkeeper/server/internal/repository/db.go:20.50,24.16 3 0
github.com/maynagashev/gophkeeper/server/internal/repository/db.go:24.16,26.3 1 0
github.com/maynagashev/gophkeeper/server/internal/repository/db.go:29.2,29.33 1 0
github.com/maynagashev/gophkeeper/server/internal/repository/db.go:29.33,32.22 2 0
github.com/maynagashev/gophkeeper/server/internal/repository/db.go:32.22,34.4 1 0
github.com/maynagashev/gophkeeper/server/internal/repository/db.go:35.3,35.103 1 0
github.com/maynagashev/gophkeeper/server/internal/repository/db.go:39.2,45.16 6 0
github.com/maynagashev/gophkeeper/server/internal/repository/user_repository.go:32.60,34.2 1 0
github.com/maynagashev/gophkeeper/server/internal/repository/user_repository.go:38.100,43.16 4 0
github.com/maynagashev/gophkeeper/server/internal/repository/user_repository.go:43.16,46.68 2 0
github.com/maynagashev/gophkeeper/server/internal/repository/user_repository.go:46.68,49.4 2 0
github.com/maynagashev/gophkeeper/server/internal/repository/user_repository.go:50.3,51.131 2 0
github.com/maynagashev/gophkeeper/server/internal/repository/user_repository.go:54.2,55.20 2 0
github.com/maynagashev/gophkeeper/server/internal/repository/user_repository.go:60.112,65.16 4 0
github.com/maynagashev/gophkeeper/server/internal/repository/user_repository.go:65.16,66.36 1 0
github.com/maynagashev/gophkeeper/server/internal/repository/user_repository.go:66.36,69.4 2 0
github.com/maynagashev/gophkeeper/server/internal/repository/user_repository.go:70.3,71.135 2 0
github.com/maynagashev/gophkeeper/server/internal/repository/user_repository.go:74.2,75.19 2 0
github.com/maynagashev/gophkeeper/server/internal/repository/vault_repository.go:30.62,32.2 1 0
github.com/maynagashev/gophkeeper/server/internal/repository/vault_repository.go:35.110,40.16 4 0
github.com/maynagashev/gophkeeper/server/internal/repository/vault_repository.go:40.16,41.36 1 0
github.com/maynagashev/gophkeeper/server/internal/repository/vault_repository.go:41.36,44.4 2 0
github.com/maynagashev/gophkeeper/server/internal/repository/vault_repository.go:45.3,46.129 2 0
github.com/maynagashev/gophkeeper/server/internal/repository/vault_repository.go:49.2,50.20 2 0
github.com/maynagashev/gophkeeper/server/internal/repository/vault_repository.go:55.104,61.16 4 0
github.com/maynagashev/gophkeeper/server/internal/repository/vault_repository.go:61.16,65.3 2 0
github.com/maynagashev/gophkeeper/server/internal/repository/vault_repository.go:67.2,68.21 2 0
github.com/maynagashev/gophkeeper/server/internal/repository/vault_repository.go:72.120,76.16 3 0
github.com/maynagashev/gophkeeper/server/internal/repository/vault_repository.go:76.16,79.3 2 0
github.com/maynagashev/gophkeeper/server/internal/repository/vault_repository.go:81.2,82.16 2 0
github.com/maynagashev/gophkeeper/server/internal/repository/vault_repository.go:82.16,86.3 2 0
github.com/maynagashev/gophkeeper/server/internal/repository/vault_repository.go:88.2,88.23 1 0
github.com/maynagashev/gophkeeper/server/internal/repository/vault_repository.go:88.23,91.3 2 0
github.com/maynagashev/gophkeeper/server/internal/repository/vault_repository.go:93.2,94.12 2 0
github.com/maynagashev/gophkeeper/server/internal/repository/vault_repository.go:101.48,127.16 5 0
github.com/maynagashev/gophkeeper/server/internal/repository/vault_repository.go:127.16,128.36 1 0
github.com/maynagashev/gophkeeper/server/internal/repository/vault_repository.go:128.36,131.4 2 0
github.com/maynagashev/gophkeeper/server/internal/repository/vault_repository.go:132.3,133.152 2 0
github.com/maynagashev/gophkeeper/server/internal/repository/vault_repository.go:136.2,145.26 3 0
github.com/maynagashev/gophkeeper/server/internal/repository/vault_repository.go:145.26,156.3 2 0
github.com/maynagashev/gophkeeper/server/internal/repository/vault_repository.go:156.8,158.3 1 0
github.com/maynagashev/gophkeeper/server/internal/repository/vault_repository.go:160.2,160.35 1 0
github.com/maynagashev/gophkeeper/server/internal/repository/vault_version_repository.go:28.76,30.2 1 0
github.com/maynagashev/gophkeeper/server/internal/repository/vault_version_repository.go:36.18,45.16 4 0
github.com/maynagashev/gophkeeper/server/internal/repository/vault_version_repository.go:45.16,48.68 2 0
github.com/maynagashev/gophkeeper/server/internal/repository/vault_version_repository.go:48.68,51.4 2 0
github.com/maynagashev/gophkeeper/server/internal/repository/vault_version_repository.go:52.3,53.119 2 0
github.com/maynagashev/gophkeeper/server/internal/repository/vault_version_repository.go:56.2,57.23 2 0
github.com/maynagashev/gophkeeper/server/internal/repository/vault_version_repository.go:66.34,76.16 4 0
github.com/maynagashev/gophkeeper/server/internal/repository/vault_version_repository.go:76.16,79.3 2 0
github.com/maynagashev/gophkeeper/server/internal/repository/vault_version_repository.go:81.2,83.22 2 0
github.com/maynagashev/gophkeeper/server/internal/repository/vault_version_repository.go:90.33,96.16 4 0
github.com/maynagashev/gophkeeper/server/internal/repository/vault_version_repository.go:96.16,97.36 1 0
github.com/maynagashev/gophkeeper/server/internal/repository/vault_version_repository.go:97.36,100.4 2 0
github.com/maynagashev/gophkeeper/server/internal/repository/vault_version_repository.go:101.3,102.123 2 0
github.com/maynagashev/gophkeeper/server/internal/repository/vault_version_repository.go:105.2,106.22 2 0
github.com/maynagashev/gophkeeper/server/internal/middleware/auth.go:29.52,30.71 1 0
github.com/maynagashev/gophkeeper/server/internal/middleware/auth.go:30.71,33.23 2 0
github.com/maynagashev/gophkeeper/server/internal/middleware/auth.go:33.23,37.4 3 0
github.com/maynagashev/gophkeeper/server/internal/middleware/auth.go:40.3,41.75 2 0
github.com/maynagashev/gophkeeper/server/internal/middleware/auth.go:41.75,45.4 3 0
github.com/maynagashev/gophkeeper/server/internal/middleware/auth.go:47.3,51.102 3 0
github.com/maynagashev/gophkeeper/server/internal/middleware/auth.go:51.102,53.59 1 0
github.com/maynagashev/gophkeeper/server/internal/middleware/auth.go:53.59,55.5 1 0
github.com/maynagashev/gophkeeper/server/internal/middleware/auth.go:57.4,57.36 1 0
github.com/maynagashev/gophkeeper/server/internal/middleware/auth.go:60.3,60.17 1 0
github.com/maynagashev/gophkeeper/server/internal/middleware/auth.go:60.17,64.4 3 0
github.com/maynagashev/gophkeeper/server/internal/middleware/auth.go:67.3,67.19 1 0
github.com/maynagashev/gophkeeper/server/internal/middleware/auth.go:67.19,71.4 3 0
github.com/maynagashev/gophkeeper/server/internal/middleware/auth.go:74.3,80.40 3 0
github.com/maynagashev/gophkeeper/server/internal/middleware/auth.go:86.62,89.2 2 0
github.com/maynagashev/gophkeeper/server/internal/handlers/auth.go:26.58,28.2 1 0
github.com/maynagashev/gophkeeper/server/internal/handlers/auth.go:31.72,34.61 2 0
github.com/maynagashev/gophkeeper/server/internal/handlers/auth.go:34.61,38.3 3 0
github.com/maynagashev/gophkeeper/server/internal/handlers/auth.go:41.2,41.46 1 0
github.com/maynagashev/gophkeeper/server/internal/handlers/auth.go:41.46,45.3 3 0
github.com/maynagashev/gophkeeper/server/internal/handlers/auth.go:47.2,51.16 3 0
github.com/maynagashev/gophkeeper/server/internal/handlers/auth.go:51.16,53.48 1 0
github.com/maynagashev/gophkeeper/server/internal/handlers/auth.go:53.48,56.4 2 0
github.com/maynagashev/gophkeeper/server/internal/handlers/auth.go:56.9,60.4 2 0
github.com/maynagashev/gophkeeper/server/internal/handlers/auth.go:61.3,61.9 1 0
github.com/maynagashev/gophkeeper/server/internal/handlers/auth.go:65.2,67.94 3 0
github.com/maynagashev/gophkeeper/server/internal/handlers/auth.go:71.69,74.61 2 0
github.com/maynagashev/gophkeeper/server/internal/handlers/auth.go:74.61,78.3 3 0
github.com/maynagashev/gophkeeper/server/internal/handlers/auth.go:81.2,81.46 1 0
github.com/maynagashev/gophkeeper/server/internal/handlers/auth.go:81.46,85.3 3 0
github.com/maynagashev/gophkeeper/server/internal/handlers/auth.go:87.2,91.16 3 0
github.com/maynagashev/gophkeeper/server/internal/handlers/auth.go:91.16,93.53 1 0
github.com/maynagashev/gophkeeper/server/internal/handlers/auth.go:93.53,96.4 2 0
github.com/maynagashev/gophkeeper/server/internal/handlers/auth.go:96.9,100.4 2 0
github.com/maynagashev/gophkeeper/server/internal/handlers/auth.go:101.3,101.9 1 0
github.com/maynagashev/gophkeeper/server/internal/handlers/auth.go:105.2,111.55 4 0
github.com/maynagashev/gophkeeper/server/internal/handlers/auth.go:111.55,114.3 2 0
github.com/maynagashev/gophkeeper/server/internal/handlers/auth.go:115.2,115.80 1 0
github.com/maynagashev/gophkeeper/server/internal/handlers/vault_handler.go:21.62,23.2 1 1
github.com/maynagashev/gophkeeper/server/internal/handlers/vault_handler.go:26.76,28.9 2 1
github.com/maynagashev/gophkeeper/server/internal/handlers/vault_handler.go:28.9,32.3 3 1
github.com/maynagashev/gophkeeper/server/internal/handlers/vault_handler.go:34.2,38.16 3 1
github.com/maynagashev/gophkeeper/server/internal/handlers/vault_handler.go:38.16,39.48 1 1
github.com/maynagashev/gophkeeper/server/internal/handlers/vault_handler.go:39.48,42.4 2 1
github.com/maynagashev/gophkeeper/server/internal/handlers/vault_handler.go:42.9,46.4 2 1
github.com/maynagashev/gophkeeper/server/internal/handlers/vault_handler.go:47.3,47.9 1 1
github.com/maynagashev/gophkeeper/server/internal/handlers/vault_handler.go:51.2,53.65 3 1
github.com/maynagashev/gophkeeper/server/internal/handlers/vault_handler.go:53.65,55.3 1 0
github.com/maynagashev/gophkeeper/server/internal/handlers/vault_handler.go:59.71,62.9 2 1
github.com/maynagashev/gophkeeper/server/internal/handlers/vault_handler.go:62.9,66.3 3 1
github.com/maynagashev/gophkeeper/server/internal/handlers/vault_handler.go:68.2,73.29 4 1
github.com/maynagashev/gophkeeper/server/internal/handlers/vault_handler.go:73.29,77.3 3 1
github.com/maynagashev/gophkeeper/server/internal/handlers/vault_handler.go:80.2,81.23 2 1
github.com/maynagashev/gophkeeper/server/internal/handlers/vault_handler.go:81.23,84.3 1 0
github.com/maynagashev/gophkeeper/server/internal/handlers/vault_handler.go:87.2,88.16 2 1
github.com/maynagashev/gophkeeper/server/internal/handlers/vault_handler.go:88.16,93.3 3 1
github.com/maynagashev/gophkeeper/server/internal/handlers/vault_handler.go:96.2,98.121 3 1
github.com/maynagashev/gophkeeper/server/internal/handlers/vault_handler.go:102.73,104.9 2 1
github.com/maynagashev/gophkeeper/server/internal/handlers/vault_handler.go:104.9,108.3 3 1
github.com/maynagashev/gophkeeper/server/internal/handlers/vault_handler.go:110.2,114.16 3 1
github.com/maynagashev/gophkeeper/server/internal/handlers/vault_handler.go:114.16,115.48 1 1
github.com/maynagashev/gophkeeper/server/internal/handlers/vault_handler.go:115.48,118.4 2 1
github.com/maynagashev/gophkeeper/server/internal/handlers/vault_handler.go:118.9,122.4 2 1
github.com/maynagashev/gophkeeper/server/internal/handlers/vault_handler.go:123.3,123.9 1 1
github.com/maynagashev/gophkeeper/server/internal/handlers/vault_handler.go:125.2,125.15 1 1
github.com/maynagashev/gophkeeper/server/internal/handlers/vault_handler.go:125.15,126.54 1 1
github.com/maynagashev/gophkeeper/server/internal/handlers/vault_handler.go:126.54,128.4 1 0
github.com/maynagashev/gophkeeper/server/internal/handlers/vault_handler.go:132.2,135.34 4 1
github.com/maynagashev/gophkeeper/server/internal/handlers/vault_handler.go:135.34,137.3 1 1
github.com/maynagashev/gophkeeper/server/internal/handlers/vault_handler.go:140.2,141.16 2 1
github.com/maynagashev/gophkeeper/server/internal/handlers/vault_handler.go:141.16,144.3 2 0
github.com/maynagashev/gophkeeper/server/internal/handlers/vault_handler.go:146.2,146.159 1 1
github.com/maynagashev/gophkeeper/server/internal/handlers/vault_handler.go:150.77,152.9 2 1
github.com/maynagashev/gophkeeper/server/internal/handlers/vault_handler.go:152.9,156.3 3 1
github.com/maynagashev/gophkeeper/server/internal/handlers/vault_handler.go:159.2,163.31 5 1
github.com/maynagashev/gophkeeper/server/internal/handlers/vault_handler.go:163.31,165.3 1 1
github.com/maynagashev/gophkeeper/server/internal/handlers/vault_handler.go:166.2,166.16 1 1
github.com/maynagashev/gophkeeper/server/internal/handlers/vault_handler.go:166.16,168.3 1 0
github.com/maynagashev/gophkeeper/server/internal/handlers/vault_handler.go:170.2,174.16 3 1
github.com/maynagashev/gophkeeper/server/internal/handlers/vault_handler.go:174.16,179.3 3 1
github.com/maynagashev/gophkeeper/server/internal/handlers/vault_handler.go:182.2,184.59 3 1
github.com/maynagashev/gophkeeper/server/internal/handlers/vault_handler.go:184.59,186.3 1 0
github.com/maynagashev/gophkeeper/server/internal/handlers/vault_handler.go:195.73,197.9 2 1
github.com/maynagashev/gophkeeper/server/internal/handlers/vault_handler.go:197.9,201.3 3 1
github.com/maynagashev/gophkeeper/server/internal/handlers/vault_handler.go:204.2,205.61 2 1
github.com/maynagashev/gophkeeper/server/internal/handlers/vault_handler.go:205.61,209.3 3 1
github.com/maynagashev/gophkeeper/server/internal/handlers/vault_handler.go:211.2,211.24 1 1
github.com/maynagashev/gophkeeper/server/internal/handlers/vault_handler.go:211.24,214.3 2 1
github.com/maynagashev/gophkeeper/server/internal/handlers/vault_handler.go:216.2,219.16 3 1
github.com/maynagashev/gophkeeper/server/internal/handlers/vault_handler.go:219.16,220.10 1 1
github.com/maynagashev/gophkeeper/server/internal/handlers/vault_handler.go:221.95,223.119 2 1
github.com/maynagashev/gophkeeper/server/internal/handlers/vault_handler.go:224.46,226.72 2 1
github.com/maynagashev/gophkeeper/server/internal/handlers/vault_handler.go:227.11,230.101 2 1
github.com/maynagashev/gophkeeper/server/internal/handlers/vault_handler.go:232.3,232.9 1 1
github.com/maynagashev/gophkeeper/server/internal/handlers/vault_handler.go:235.2,236.144 2 1
