mode: set
github.com/maynagashev/gophkeeper/client/cmd/gophkeeper/main.go:33.21,35.57 1 0
github.com/maynagashev/gophkeeper/client/cmd/gophkeeper/main.go:35.57,37.101 1 0
github.com/maynagashev/gophkeeper/client/cmd/gophkeeper/main.go:39.2,41.16 3 0
github.com/maynagashev/gophkeeper/client/cmd/gophkeeper/main.go:41.16,42.78 1 0
github.com/maynagashev/gophkeeper/client/cmd/gophkeeper/main.go:51.2,53.75 3 0
github.com/maynagashev/gophkeeper/client/cmd/gophkeeper/main.go:56.13,72.18 7 0
github.com/maynagashev/gophkeeper/client/cmd/gophkeeper/main.go:72.18,81.3 7 0
github.com/maynagashev/gophkeeper/client/cmd/gophkeeper/main.go:84.2,88.55 3 0
github.com/maynagashev/gophkeeper/client/cmd/gophkeeper/main.go:88.55,91.3 2 0
github.com/maynagashev/gophkeeper/client/cmd/gophkeeper/main.go:94.2,95.32 2 0
github.com/maynagashev/gophkeeper/client/cmd/gophkeeper/main.go:95.32,96.21 1 0
github.com/maynagashev/gophkeeper/client/cmd/gophkeeper/main.go:96.21,98.4 1 0
github.com/maynagashev/gophkeeper/client/cmd/gophkeeper/main.go:101.2,101.19 1 0
github.com/maynagashev/gophkeeper/client/cmd/gophkeeper/main.go:101.19,104.3 2 0
github.com/maynagashev/gophkeeper/client/cmd/gophkeeper/main.go:107.2,107.21 1 0
github.com/maynagashev/gophkeeper/client/cmd/gophkeeper/main.go:107.21,113.3 2 0
github.com/maynagashev/gophkeeper/client/cmd/gophkeeper/main.go:115.2,123.54 2 0
github.com/maynagashev/gophkeeper/client/internal/api/client.go:49.43,54.2 1 1
github.com/maynagashev/gophkeeper/client/internal/api/client.go:57.85,60.16 2 1
github.com/maynagashev/gophkeeper/client/internal/api/client.go:60.16,62.3 1 0
github.com/maynagashev/gophkeeper/client/internal/api/client.go:65.2,70.16 3 1
github.com/maynagashev/gophkeeper/client/internal/api/client.go:70.16,72.3 1 0
github.com/maynagashev/gophkeeper/client/internal/api/client.go:75.2,76.16 2 1
github.com/maynagashev/gophkeeper/client/internal/api/client.go:76.16,78.3 1 0
github.com/maynagashev/gophkeeper/client/internal/api/client.go:79.2,83.16 3 1
github.com/maynagashev/gophkeeper/client/internal/api/client.go:83.16,86.3 1 0
github.com/maynagashev/gophkeeper/client/internal/api/client.go:87.2,90.43 2 1
github.com/maynagashev/gophkeeper/client/internal/api/client.go:90.43,93.3 1 1
github.com/maynagashev/gophkeeper/client/internal/api/client.go:95.2,95.12 1 1
github.com/maynagashev/gophkeeper/client/internal/api/client.go:99.92,101.16 2 1
github.com/maynagashev/gophkeeper/client/internal/api/client.go:101.16,103.3 1 0
github.com/maynagashev/gophkeeper/client/internal/api/client.go:105.2,110.16 3 1
github.com/maynagashev/gophkeeper/client/internal/api/client.go:110.16,112.3 1 0
github.com/maynagashev/gophkeeper/client/internal/api/client.go:114.2,115.16 2 1
github.com/maynagashev/gophkeeper/client/internal/api/client.go:115.16,117.3 1 0
github.com/maynagashev/gophkeeper/client/internal/api/client.go:118.2,121.16 3 1
github.com/maynagashev/gophkeeper/client/internal/api/client.go:121.16,124.3 1 0
github.com/maynagashev/gophkeeper/client/internal/api/client.go:125.2,127.38 2 1
github.com/maynagashev/gophkeeper/client/internal/api/client.go:127.38,129.49 1 1
github.com/maynagashev/gophkeeper/client/internal/api/client.go:129.49,131.4 1 1
github.com/maynagashev/gophkeeper/client/internal/api/client.go:132.3,132.105 1 1
github.com/maynagashev/gophkeeper/client/internal/api/client.go:136.2,137.73 2 1
github.com/maynagashev/gophkeeper/client/internal/api/client.go:137.73,139.3 1 1
github.com/maynagashev/gophkeeper/client/internal/api/client.go:141.2,141.31 1 1
github.com/maynagashev/gophkeeper/client/internal/api/client.go:141.31,143.3 1 0
github.com/maynagashev/gophkeeper/client/internal/api/client.go:146.2,148.33 2 1
github.com/maynagashev/gophkeeper/client/internal/api/client.go:152.61,153.23 1 1
github.com/maynagashev/gophkeeper/client/internal/api/client.go:153.23,155.3 1 1
github.com/maynagashev/gophkeeper/client/internal/api/client.go:156.2,157.12 2 1
github.com/maynagashev/gophkeeper/client/internal/api/client.go:161.90,163.16 2 1
github.com/maynagashev/gophkeeper/client/internal/api/client.go:163.16,165.3 1 0
github.com/maynagashev/gophkeeper/client/internal/api/client.go:167.2,168.16 2 1
github.com/maynagashev/gophkeeper/client/internal/api/client.go:168.16,170.3 1 0
github.com/maynagashev/gophkeeper/client/internal/api/client.go:173.2,173.44 1 1
github.com/maynagashev/gophkeeper/client/internal/api/client.go:173.44,175.3 1 1
github.com/maynagashev/gophkeeper/client/internal/api/client.go:177.2,178.16 2 1
github.com/maynagashev/gophkeeper/client/internal/api/client.go:178.16,181.3 1 0
github.com/maynagashev/gophkeeper/client/internal/api/client.go:182.2,184.38 2 1
github.com/maynagashev/gophkeeper/client/internal/api/client.go:184.38,185.45 1 1
github.com/maynagashev/gophkeeper/client/internal/api/client.go:185.45,187.4 1 1
github.com/maynagashev/gophkeeper/client/internal/api/client.go:188.3,188.49 1 1
github.com/maynagashev/gophkeeper/client/internal/api/client.go:188.49,191.4 1 1
github.com/maynagashev/gophkeeper/client/internal/api/client.go:193.3,193.115 1 1
github.com/maynagashev/gophkeeper/client/internal/api/client.go:196.2,197.68 2 1
github.com/maynagashev/gophkeeper/client/internal/api/client.go:197.68,199.3 1 1
github.com/maynagashev/gophkeeper/client/internal/api/client.go:201.2,201.23 1 1
github.com/maynagashev/gophkeeper/client/internal/api/client.go:205.118,207.16 2 1
github.com/maynagashev/gophkeeper/client/internal/api/client.go:207.16,209.3 1 0
github.com/maynagashev/gophkeeper/client/internal/api/client.go:212.2,213.16 2 1
github.com/maynagashev/gophkeeper/client/internal/api/client.go:213.16,215.3 1 0
github.com/maynagashev/gophkeeper/client/internal/api/client.go:218.2,224.44 5 1
github.com/maynagashev/gophkeeper/client/internal/api/client.go:224.44,226.3 1 1
github.com/maynagashev/gophkeeper/client/internal/api/client.go:228.2,229.16 2 1
github.com/maynagashev/gophkeeper/client/internal/api/client.go:229.16,232.3 1 0
github.com/maynagashev/gophkeeper/client/internal/api/client.go:233.2,235.38 2 1
github.com/maynagashev/gophkeeper/client/internal/api/client.go:235.38,237.49 2 1
github.com/maynagashev/gophkeeper/client/internal/api/client.go:237.49,240.4 1 1
github.com/maynagashev/gophkeeper/client/internal/api/client.go:241.3,241.45 1 1
github.com/maynagashev/gophkeeper/client/internal/api/client.go:241.45,243.4 1 0
github.com/maynagashev/gophkeeper/client/internal/api/client.go:245.3,245.105 1 1
github.com/maynagashev/gophkeeper/client/internal/api/client.go:248.2,248.12 1 1
github.com/maynagashev/gophkeeper/client/internal/api/client.go:252.102,254.16 2 1
github.com/maynagashev/gophkeeper/client/internal/api/client.go:254.16,256.3 1 0
github.com/maynagashev/gophkeeper/client/internal/api/client.go:258.2,259.16 2 1
github.com/maynagashev/gophkeeper/client/internal/api/client.go:259.16,261.3 1 0
github.com/maynagashev/gophkeeper/client/internal/api/client.go:262.2,262.44 1 1
github.com/maynagashev/gophkeeper/client/internal/api/client.go:262.44,264.3 1 1
github.com/maynagashev/gophkeeper/client/internal/api/client.go:266.2,267.16 2 1
github.com/maynagashev/gophkeeper/client/internal/api/client.go:267.16,270.3 1 0
github.com/maynagashev/gophkeeper/client/internal/api/client.go:273.2,273.38 1 1
github.com/maynagashev/gophkeeper/client/internal/api/client.go:273.38,275.45 2 1
github.com/maynagashev/gophkeeper/client/internal/api/client.go:275.45,277.4 1 1
github.com/maynagashev/gophkeeper/client/internal/api/client.go:278.3,278.49 1 1
github.com/maynagashev/gophkeeper/client/internal/api/client.go:278.49,281.4 1 1
github.com/maynagashev/gophkeeper/client/internal/api/client.go:283.3,283.119 1 1
github.com/maynagashev/gophkeeper/client/internal/api/client.go:292.2,294.29 2 1
github.com/maynagashev/gophkeeper/client/internal/api/client.go:299.113,301.16 2 1
github.com/maynagashev/gophkeeper/client/internal/api/client.go:301.16,303.3 1 0
github.com/maynagashev/gophkeeper/client/internal/api/client.go:306.2,307.15 2 1
github.com/maynagashev/gophkeeper/client/internal/api/client.go:307.15,309.3 1 1
github.com/maynagashev/gophkeeper/client/internal/api/client.go:310.2,310.16 1 1
github.com/maynagashev/gophkeeper/client/internal/api/client.go:310.16,312.3 1 1
github.com/maynagashev/gophkeeper/client/internal/api/client.go:313.2,313.20 1 1
github.com/maynagashev/gophkeeper/client/internal/api/client.go:313.20,315.3 1 1
github.com/maynagashev/gophkeeper/client/internal/api/client.go:317.2,318.16 2 1
github.com/maynagashev/gophkeeper/client/internal/api/client.go:318.16,320.3 1 0
github.com/maynagashev/gophkeeper/client/internal/api/client.go:321.2,321.44 1 1
github.com/maynagashev/gophkeeper/client/internal/api/client.go:321.44,323.3 1 1
github.com/maynagashev/gophkeeper/client/internal/api/client.go:325.2,326.16 2 1
github.com/maynagashev/gophkeeper/client/internal/api/client.go:326.16,329.3 1 0
github.com/maynagashev/gophkeeper/client/internal/api/client.go:330.2,332.38 2 1
github.com/maynagashev/gophkeeper/client/internal/api/client.go:332.38,333.49 1 1
github.com/maynagashev/gophkeeper/client/internal/api/client.go:333.49,336.4 1 1
github.com/maynagashev/gophkeeper/client/internal/api/client.go:338.3,338.123 1 1
github.com/maynagashev/gophkeeper/client/internal/api/client.go:342.2,347.68 2 1
github.com/maynagashev/gophkeeper/client/internal/api/client.go:347.68,349.3 1 1
github.com/maynagashev/gophkeeper/client/internal/api/client.go:351.2,351.58 1 1
github.com/maynagashev/gophkeeper/client/internal/api/client.go:355.84,357.16 2 1
github.com/maynagashev/gophkeeper/client/internal/api/client.go:357.16,359.3 1 0
github.com/maynagashev/gophkeeper/client/internal/api/client.go:362.2,364.16 3 1
github.com/maynagashev/gophkeeper/client/internal/api/client.go:364.16,366.3 1 0
github.com/maynagashev/gophkeeper/client/internal/api/client.go:368.2,369.16 2 1
github.com/maynagashev/gophkeeper/client/internal/api/client.go:369.16,371.3 1 0
github.com/maynagashev/gophkeeper/client/internal/api/client.go:372.2,373.44 2 1
github.com/maynagashev/gophkeeper/client/internal/api/client.go:373.44,375.3 1 1
github.com/maynagashev/gophkeeper/client/internal/api/client.go:377.2,378.16 2 1
github.com/maynagashev/gophkeeper/client/internal/api/client.go:378.16,381.3 1 0
github.com/maynagashev/gophkeeper/client/internal/api/client.go:382.2,384.45 2 1
github.com/maynagashev/gophkeeper/client/internal/api/client.go:384.45,385.49 1 1
github.com/maynagashev/gophkeeper/client/internal/api/client.go:385.49,388.4 1 1
github.com/maynagashev/gophkeeper/client/internal/api/client.go:389.3,389.45 1 1
github.com/maynagashev/gophkeeper/client/internal/api/client.go:389.45,391.4 1 1
github.com/maynagashev/gophkeeper/client/internal/api/client.go:392.3,392.47 1 1
github.com/maynagashev/gophkeeper/client/internal/api/client.go:392.47,395.4 1 1
github.com/maynagashev/gophkeeper/client/internal/api/client.go:397.3,397.103 1 1
github.com/maynagashev/gophkeeper/client/internal/api/client.go:400.2,400.12 1 1
github.com/maynagashev/gophkeeper/client/internal/api/client.go:404.49,408.2 1 1
github.com/maynagashev/gophkeeper/client/internal/kdbx/auth.go:21.113,23.33 2 1
github.com/maynagashev/gophkeeper/client/internal/kdbx/auth.go:23.33,24.36 1 1
github.com/maynagashev/gophkeeper/client/internal/kdbx/auth.go:24.36,28.9 4 1
github.com/maynagashev/gophkeeper/client/internal/kdbx/auth.go:31.2,31.12 1 1
github.com/maynagashev/gophkeeper/client/internal/kdbx/auth.go:31.12,37.3 2 1
github.com/maynagashev/gophkeeper/client/internal/kdbx/auth.go:38.2,38.24 1 1
github.com/maynagashev/gophkeeper/client/internal/kdbx/auth.go:43.109,46.39 3 1
github.com/maynagashev/gophkeeper/client/internal/kdbx/auth.go:46.39,47.22 1 1
github.com/maynagashev/gophkeeper/client/internal/kdbx/auth.go:47.22,49.4 1 1
github.com/maynagashev/gophkeeper/client/internal/kdbx/auth.go:49.9,51.4 1 1
github.com/maynagashev/gophkeeper/client/internal/kdbx/auth.go:53.2,53.13 1 1
github.com/maynagashev/gophkeeper/client/internal/kdbx/auth.go:53.13,55.3 1 1
github.com/maynagashev/gophkeeper/client/internal/kdbx/auth.go:56.2,56.17 1 1
github.com/maynagashev/gophkeeper/client/internal/kdbx/auth.go:61.81,62.62 1 1
github.com/maynagashev/gophkeeper/client/internal/kdbx/auth.go:62.62,64.3 1 1
github.com/maynagashev/gophkeeper/client/internal/kdbx/auth.go:66.2,72.21 5 1
github.com/maynagashev/gophkeeper/client/internal/kdbx/auth.go:72.21,74.3 1 1
github.com/maynagashev/gophkeeper/client/internal/kdbx/auth.go:74.8,76.3 1 1
github.com/maynagashev/gophkeeper/client/internal/kdbx/auth.go:79.2,79.21 1 1
github.com/maynagashev/gophkeeper/client/internal/kdbx/auth.go:79.21,81.3 1 1
github.com/maynagashev/gophkeeper/client/internal/kdbx/auth.go:81.8,83.3 1 1
github.com/maynagashev/gophkeeper/client/internal/kdbx/auth.go:86.2,86.52 1 1
github.com/maynagashev/gophkeeper/client/internal/kdbx/auth.go:86.52,88.3 1 1
github.com/maynagashev/gophkeeper/client/internal/kdbx/auth.go:88.8,90.34 1 1
github.com/maynagashev/gophkeeper/client/internal/kdbx/auth.go:90.34,91.116 1 1
github.com/maynagashev/gophkeeper/client/internal/kdbx/auth.go:91.116,93.10 2 1
github.com/maynagashev/gophkeeper/client/internal/kdbx/auth.go:99.2,99.13 1 1
github.com/maynagashev/gophkeeper/client/internal/kdbx/auth.go:99.13,102.85 2 1
github.com/maynagashev/gophkeeper/client/internal/kdbx/auth.go:102.85,110.4 4 1
github.com/maynagashev/gophkeeper/client/internal/kdbx/auth.go:110.9,114.4 1 0
github.com/maynagashev/gophkeeper/client/internal/kdbx/auth.go:120.2,120.12 1 1
github.com/maynagashev/gophkeeper/client/internal/kdbx/auth.go:125.70,127.62 2 1
github.com/maynagashev/gophkeeper/client/internal/kdbx/auth.go:127.62,129.3 1 1
github.com/maynagashev/gophkeeper/client/internal/kdbx/auth.go:131.2,137.39 5 1
github.com/maynagashev/gophkeeper/client/internal/kdbx/auth.go:137.39,138.19 1 1
github.com/maynagashev/gophkeeper/client/internal/kdbx/auth.go:139.31,142.100 3 1
github.com/maynagashev/gophkeeper/client/internal/kdbx/auth.go:143.31,146.72 3 1
github.com/maynagashev/gophkeeper/client/internal/kdbx/auth.go:148.3,148.29 1 1
github.com/maynagashev/gophkeeper/client/internal/kdbx/auth.go:148.29,149.9 1 1
github.com/maynagashev/gophkeeper/client/internal/kdbx/auth.go:153.2,153.15 1 1
github.com/maynagashev/gophkeeper/client/internal/kdbx/auth.go:153.15,155.3 1 1
github.com/maynagashev/gophkeeper/client/internal/kdbx/auth.go:156.2,156.17 1 1
github.com/maynagashev/gophkeeper/client/internal/kdbx/auth.go:156.17,158.3 1 1
github.com/maynagashev/gophkeeper/client/internal/kdbx/auth.go:160.2,160.34 1 1
github.com/maynagashev/gophkeeper/client/internal/kdbx/kdbx.go:16.81,19.16 2 1
github.com/maynagashev/gophkeeper/client/internal/kdbx/kdbx.go:19.16,21.3 1 1
github.com/maynagashev/gophkeeper/client/internal/kdbx/kdbx.go:22.2,31.16 5 1
github.com/maynagashev/gophkeeper/client/internal/kdbx/kdbx.go:31.16,33.3 1 1
github.com/maynagashev/gophkeeper/client/internal/kdbx/kdbx.go:36.2,37.16 2 1
github.com/maynagashev/gophkeeper/client/internal/kdbx/kdbx.go:37.16,39.3 1 0
github.com/maynagashev/gophkeeper/client/internal/kdbx/kdbx.go:41.2,41.16 1 1
github.com/maynagashev/gophkeeper/client/internal/kdbx/kdbx.go:45.68,47.62 2 1
github.com/maynagashev/gophkeeper/client/internal/kdbx/kdbx.go:47.62,49.3 1 1
github.com/maynagashev/gophkeeper/client/internal/kdbx/kdbx.go:50.2,51.16 2 1
github.com/maynagashev/gophkeeper/client/internal/kdbx/kdbx.go:55.81,56.31 1 1
github.com/maynagashev/gophkeeper/client/internal/kdbx/kdbx.go:56.31,59.3 2 1
github.com/maynagashev/gophkeeper/client/internal/kdbx/kdbx.go:66.73,68.2 1 1
github.com/maynagashev/gophkeeper/client/internal/kdbx/kdbx.go:71.82,72.15 1 1
github.com/maynagashev/gophkeeper/client/internal/kdbx/kdbx.go:72.15,74.3 1 1
github.com/maynagashev/gophkeeper/client/internal/kdbx/kdbx.go:77.2,77.27 1 1
github.com/maynagashev/gophkeeper/client/internal/kdbx/kdbx.go:77.27,78.21 1 1
github.com/maynagashev/gophkeeper/client/internal/kdbx/kdbx.go:78.21,80.4 1 1
github.com/maynagashev/gophkeeper/client/internal/kdbx/kdbx.go:81.3,81.65 1 0
github.com/maynagashev/gophkeeper/client/internal/kdbx/kdbx.go:85.2,86.16 2 1
github.com/maynagashev/gophkeeper/client/internal/kdbx/kdbx.go:86.16,89.3 1 0
github.com/maynagashev/gophkeeper/client/internal/kdbx/kdbx.go:92.2,93.16 2 1
github.com/maynagashev/gophkeeper/client/internal/kdbx/kdbx.go:93.16,95.3 1 1
github.com/maynagashev/gophkeeper/client/internal/kdbx/kdbx.go:96.2,100.62 3 1
github.com/maynagashev/gophkeeper/client/internal/kdbx/kdbx.go:100.62,102.3 1 0
github.com/maynagashev/gophkeeper/client/internal/kdbx/kdbx.go:106.2,107.16 2 1
github.com/maynagashev/gophkeeper/client/internal/kdbx/kdbx.go:107.16,110.3 1 0
github.com/maynagashev/gophkeeper/client/internal/kdbx/kdbx.go:112.2,112.12 1 1
