mode: set
github.com/maynagashev/gophkeeper/client/cmd/gophkeeper/main.go:10.13,13.16 2 0
github.com/maynagashev/gophkeeper/client/cmd/gophkeeper/main.go:13.16,14.78 1 0
github.com/maynagashev/gophkeeper/client/cmd/gophkeeper/main.go:16.2,29.13 5 0
github.com/maynagashev/gophkeeper/client/internal/tui/tui.go:34.35,37.17 2 0
github.com/maynagashev/gophkeeper/client/internal/tui/tui.go:37.17,40.3 1 0
github.com/maynagashev/gophkeeper/client/internal/tui/tui.go:41.2,41.17 1 0
github.com/maynagashev/gophkeeper/client/internal/tui/tui.go:41.17,44.3 1 0
github.com/maynagashev/gophkeeper/client/internal/tui/tui.go:45.2,45.14 1 0
github.com/maynagashev/gophkeeper/client/internal/tui/tui.go:48.41,52.33 3 0
github.com/maynagashev/gophkeeper/client/internal/tui/tui.go:52.33,54.3 1 0
github.com/maynagashev/gophkeeper/client/internal/tui/tui.go:54.8,54.27 1 0
github.com/maynagashev/gophkeeper/client/internal/tui/tui.go:54.27,56.3 1 0
github.com/maynagashev/gophkeeper/client/internal/tui/tui.go:56.8,56.22 1 0
github.com/maynagashev/gophkeeper/client/internal/tui/tui.go:56.22,58.3 1 0
github.com/maynagashev/gophkeeper/client/internal/tui/tui.go:59.2,59.11 1 0
github.com/maynagashev/gophkeeper/client/internal/tui/tui.go:62.41,62.61 1 0
github.com/maynagashev/gophkeeper/client/internal/tui/tui.go:75.27,121.2 20 0
github.com/maynagashev/gophkeeper/client/internal/tui/tui.go:124.31,126.2 1 0
github.com/maynagashev/gophkeeper/client/internal/tui/tui.go:139.49,140.24 1 0
github.com/maynagashev/gophkeeper/client/internal/tui/tui.go:140.24,142.17 2 0
github.com/maynagashev/gophkeeper/client/internal/tui/tui.go:142.17,144.4 1 0
github.com/maynagashev/gophkeeper/client/internal/tui/tui.go:145.3,145.29 1 0
github.com/maynagashev/gophkeeper/client/internal/tui/tui.go:150.57,154.27 3 0
github.com/maynagashev/gophkeeper/client/internal/tui/tui.go:156.25,160.16 3 0
github.com/maynagashev/gophkeeper/client/internal/tui/tui.go:162.19,173.33 9 0
github.com/maynagashev/gophkeeper/client/internal/tui/tui.go:173.33,175.4 1 0
github.com/maynagashev/gophkeeper/client/internal/tui/tui.go:178.3,193.35 8 0
github.com/maynagashev/gophkeeper/client/internal/tui/tui.go:193.35,195.4 1 0
github.com/maynagashev/gophkeeper/client/internal/tui/tui.go:197.3,197.31 1 0
github.com/maynagashev/gophkeeper/client/internal/tui/tui.go:199.14,203.16 4 0
github.com/maynagashev/gophkeeper/client/internal/tui/tui.go:206.18,208.31 1 0
github.com/maynagashev/gophkeeper/client/internal/tui/tui.go:208.31,210.4 1 0
github.com/maynagashev/gophkeeper/client/internal/tui/tui.go:214.2,214.17 1 0
github.com/maynagashev/gophkeeper/client/internal/tui/tui.go:215.21,217.41 1 0
github.com/maynagashev/gophkeeper/client/internal/tui/tui.go:217.41,218.27 1 0
github.com/maynagashev/gophkeeper/client/internal/tui/tui.go:219.13,220.23 1 0
github.com/maynagashev/gophkeeper/client/internal/tui/tui.go:221.17,225.58 3 0
github.com/maynagashev/gophkeeper/client/internal/tui/tui.go:229.27,235.41 3 0
github.com/maynagashev/gophkeeper/client/internal/tui/tui.go:235.41,237.20 1 0
github.com/maynagashev/gophkeeper/client/internal/tui/tui.go:237.20,242.10 4 0
github.com/maynagashev/gophkeeper/client/internal/tui/tui.go:245.4,245.27 1 0
github.com/maynagashev/gophkeeper/client/internal/tui/tui.go:246.17,250.59 4 0
github.com/maynagashev/gophkeeper/client/internal/tui/tui.go:254.23,260.41 3 0
github.com/maynagashev/gophkeeper/client/internal/tui/tui.go:260.41,261.27 1 0
github.com/maynagashev/gophkeeper/client/internal/tui/tui.go:262.13,264.53 1 0
github.com/maynagashev/gophkeeper/client/internal/tui/tui.go:264.53,266.6 1 0
github.com/maynagashev/gophkeeper/client/internal/tui/tui.go:273.2,273.30 1 0
github.com/maynagashev/gophkeeper/client/internal/tui/tui.go:277.30,278.17 1 0
github.com/maynagashev/gophkeeper/client/internal/tui/tui.go:279.21,284.11 5 0
github.com/maynagashev/gophkeeper/client/internal/tui/tui.go:285.27,288.19 3 0
github.com/maynagashev/gophkeeper/client/internal/tui/tui.go:288.19,291.4 2 0
github.com/maynagashev/gophkeeper/client/internal/tui/tui.go:292.3,293.11 2 0
github.com/maynagashev/gophkeeper/client/internal/tui/tui.go:294.23,297.28 1 0
github.com/maynagashev/gophkeeper/client/internal/tui/tui.go:298.10,299.54 1 0
github.com/maynagashev/gophkeeper/client/internal/tui/tui.go:304.14,307.35 2 0
github.com/maynagashev/gophkeeper/client/internal/tui/tui.go:307.35,310.3 2 0
github.com/maynagashev/gophkeeper/client/internal/kdbx/kdbx.go:14.81,17.16 2 1
github.com/maynagashev/gophkeeper/client/internal/kdbx/kdbx.go:17.16,19.3 1 1
github.com/maynagashev/gophkeeper/client/internal/kdbx/kdbx.go:20.2,29.16 5 1
github.com/maynagashev/gophkeeper/client/internal/kdbx/kdbx.go:29.16,31.3 1 1
github.com/maynagashev/gophkeeper/client/internal/kdbx/kdbx.go:34.2,35.16 2 1
github.com/maynagashev/gophkeeper/client/internal/kdbx/kdbx.go:35.16,37.3 1 0
github.com/maynagashev/gophkeeper/client/internal/kdbx/kdbx.go:39.2,39.16 1 1
github.com/maynagashev/gophkeeper/client/internal/kdbx/kdbx.go:43.68,45.62 2 1
github.com/maynagashev/gophkeeper/client/internal/kdbx/kdbx.go:45.62,47.3 1 1
github.com/maynagashev/gophkeeper/client/internal/kdbx/kdbx.go:48.2,49.16 2 1
github.com/maynagashev/gophkeeper/client/internal/kdbx/kdbx.go:53.81,54.31 1 1
github.com/maynagashev/gophkeeper/client/internal/kdbx/kdbx.go:54.31,57.3 2 1
github.com/maynagashev/gophkeeper/client/internal/kdbx/kdbx.go:64.87,66.2 1 1
